<!doctype html>
<html>
 <head> 
  <meta charset="UTF-8"> 
  <meta name="description" content=""> 
  <meta name="robots" content="noodp, noydir"> 
  <meta name="viewport" content="width=device-width, initial-scale=1"> 
  <link href="https://fonts.googleapis.com/css?family=Source+Sans+Pro:400,600" rel="stylesheet" type="text/css"> 
  <link href="https://fonts.googleapis.com/icon?family=Material+Icons" rel="stylesheet"> 
  <link href="extent.css" type="text/css" rel="stylesheet"> 
  <title>UI自动化测试报告</title> 
  <style type="text/css">
		.node.level-1  ul{ display:none;} .node.level-1.active ul{display:block;}
	</style> 
 </head> 
 <body class="extent standard default hide-overflow "> 
  <div id="theme-selector" alt="Click to toggle theme. To enable by default, use theme configuration." title="Click to toggle theme. To enable by default, use theme configuration."> 
   <span><i class="material-icons">desktop_windows</i></span> 
  </div> 
  <nav> 
   <div class="nav-wrapper"> 
    <a href="#!" class="brand-logo blue darken-3">Extent</a> 
    <!-- slideout menu --> 
    <ul id="slide-out" class="side-nav fixed hide-on-med-and-down"> 
     <li class="waves-effect active"><a href="#!" view="test-view" onclick="configureView(0);chartsView('test');"><i class="material-icons">dashboard</i></a></li> 
     <li class="waves-effect"><a href="#!" view="exception-view" onclick="configureView(2)"><i class="material-icons">bug_report</i></a></li> 
     <li class="waves-effect"><a href="#!" onclick="configureView(-1);chartsView('dashboard');" view="dashboard-view"><i class="material-icons">track_changes</i></a></li> 
    </ul> 
    <!-- report name --> 
    <span class="report-name">UI自动化测试报告</span> 
    <!-- report headline --> 
    <span class="report-headline"></span> 
    <!-- nav-right --> 
    <ul id="nav-mobile" class="right hide-on-med-and-down nav-right"> 
     <a href="#!"> <span class="label suite-start-time">Mar 16, 2020 10:55:47 AM</span> </a> 
     <a href="#!"> <span class="label">v3.0.3</span> </a> 
    </ul> 
   </div> 
  </nav> 
  <!-- container --> 
  <div class="container"> 
   <div id="test-view" class="view"> 
    <section id="controls"> 
     <div class="controls grey lighten-4"> 
      <!-- test toggle --> 
      <div class="chip transparent"> 
       <a class="dropdown-button tests-toggle" data-activates="tests-toggle" data-constrainwidth="true" data-beloworigin="true" data-hover="true" href="#"> <i class="material-icons">warning</i> Status </a> 
       <ul id="tests-toggle" class="dropdown-content"> 
        <li status="pass"><a href="#!">Pass <i class="material-icons green-text">check_circle</i></a></li> 
        <li status="fail"><a href="#!">Fail <i class="material-icons red-text">cancel</i></a></li> 
        <li class="divider"></li> 
        <li status="clear" clear="true"><a href="#!">Clear Filters <i class="material-icons">clear</i></a></li> 
       </ul> 
      </div> 
      <!-- test toggle --> 
      <!-- category toggle --> 
      <!-- category toggle --> 
      <!-- clear filters --> 
      <div class="chip transparent hide"> 
       <a class="" id="clear-filters" alt="Clear Filters" title="Clear Filters"> <i class="material-icons">close</i> Clear </a> 
      </div> 
      <!-- clear filters --> 
      <!-- enable dashboard --> 
      <div id="toggle-test-view-charts" class="chip transparent"> 
       <a class="pink-text" id="enable-dashboard" alt="Enable Dashboard" title="Enable Dashboard"> <i class="material-icons">track_changes</i> Dashboard </a> 
      </div> 
      <!-- enable dashboard --> 
      <!-- search --> 
      <div class="chip transparent" alt="Search Tests" title="Search Tests"> 
       <a href="#" class="search-div"> <i class="material-icons">search</i> Search </a> 
       <div class="input-field left hide"> 
        <input id="search-tests" type="text" class="validate browser-default" placeholder="Search Tests..."> 
       </div> 
      </div> 
      <!-- search --> 
     </div> 
    </section> 
    <div id="test-view-charts" class="subview-full"> 
     <div id="charts-row" class="row nm-v nm-h"> 
      <div class="col s12 m6 l6 np-h"> 
       <div class="card-panel nm-v"> 
        <div class="left panel-name">
         Tests
        </div> 
        <div class="chart-box"> 
         <canvas id="parent-analysis" width="100" height="80"></canvas> 
        </div> 
        <div class="block text-small"> 
         <span><span class="strong">10</span> test(s) passed</span> 
        </div> 
        <div class="block text-small"> 
         <span class="strong">7</span> test(s) failed, 
         <span class="strong">0</span> others 
        </div> 
       </div> 
      </div> 
      <div class="col s12 m6 l6 np-h"> 
       <div class="card-panel nm-v"> 
        <div class="left panel-name">
         Steps
        </div> 
        <div class="chart-box"> 
         <canvas id="child-analysis" width="100" height="80"></canvas> 
        </div> 
        <div class="block text-small"> 
         <span><span class="strong">10</span> step(s) passed</span> 
        </div> 
        <div class="block text-small"> 
         <span class="strong">7</span> step(s) failed, 
         <span class="strong">0</span> others 
        </div> 
       </div> 
      </div> 
     </div> 
    </div> 
    <div class="subview-left left"> 
     <div class="view-summary"> 
      <h5>Tests</h5> 
      <ul id="test-collection" class="test-collection"> 
       <li class="test displayed active  fail" status="fail" bdd="false" test-id="1"> 
        <div class="test-heading"> 
         <span class="test-name">yangguang_BW_001</span> 
         <span class="test-time">Mar 16, 2020 10:56:05 AM</span> 
         <span class="test-status right fail">fail</span> 
        </div> 
        <div class="test-content hide"> 
         <div class="test-time-info"> 
          <span class="label start-time">Mar 16, 2020 10:56:05 AM</span> 
          <span class="label end-time">Mar 16, 2020 10:56:33 AM</span> 
          <span class="label time-taken grey lighten-1 white-text">0h 0m 28s+502ms</span> 
         </div> 
         <div class="test-steps"> 
          <table class="bordered table-results"> 
           <thead> 
            <tr> 
             <th>Status</th> 
             <th>Timestamp</th> 
             <th>Details</th> 
            </tr> 
           </thead> 
           <tbody> 
            <tr class="log" status="debug"> 
             <td class="status debug" title="debug" alt="debug"><i class="material-icons">low_priority</i></td> 
             <td class="timestamp">11:00:25 AM</td> 
             <td class="step-details"><a href="snapshot/2020-03-16" 105633109.jpg target="_blank"><img src="snapshot//2020-03-16" 105633109.jpg style="width:30px;height:30px" img>失败截图</a></td> 
            </tr> 
            <tr class="log" status="fail"> 
             <td class="status fail" title="fail" alt="fail"><i class="material-icons">cancel</i></td> 
             <td class="timestamp">11:00:25 AM</td> 
             <td class="step-details"><pre>java.lang.NullPointerException
	at org.openqa.selenium.support.ui.ExpectedConditions.elementIfVisible(ExpectedConditions.java:314)
	at org.openqa.selenium.support.ui.ExpectedConditions.access$000(ExpectedConditions.java:43)
	at org.openqa.selenium.support.ui.ExpectedConditions$10.apply(ExpectedConditions.java:300)
	at org.openqa.selenium.support.ui.ExpectedConditions$10.apply(ExpectedConditions.java:297)
	at org.openqa.selenium.support.ui.FluentWait.until(FluentWait.java:249)
	at sun.baoxian.base.WebElementBase.DisplayElement(WebElementBase.java:540)
	at sun.baoxian.actions.yangguangAction.yangguangBW(yangguangAction.java:35)
	at sun.baoxian.yanguangTest.yangguang_BW_001(yanguangTest.java:12)
	at sun.reflect.NativeMethodAccessorImpl.invoke0(Native Method)
	at sun.reflect.NativeMethodAccessorImpl.invoke(NativeMethodAccessorImpl.java:62)
	at sun.reflect.DelegatingMethodAccessorImpl.invoke(DelegatingMethodAccessorImpl.java:43)
	at java.lang.reflect.Method.invoke(Method.java:498)
	at org.testng.internal.MethodInvocationHelper.invokeMethod(MethodInvocationHelper.java:124)
	at org.testng.internal.Invoker.invokeMethod(Invoker.java:580)
	at org.testng.internal.Invoker.invokeTestMethod(Invoker.java:716)
	at org.testng.internal.Invoker.invokeTestMethods(Invoker.java:988)
	at org.testng.internal.TestMethodWorker.invokeTestMethods(TestMethodWorker.java:125)
	at org.testng.internal.TestMethodWorker.run(TestMethodWorker.java:109)
	at org.testng.TestRunner.privateRun(TestRunner.java:648)
	at org.testng.TestRunner.run(TestRunner.java:505)
	at org.testng.SuiteRunner.runTest(SuiteRunner.java:455)
	at org.testng.SuiteRunner.runSequentially(SuiteRunner.java:450)
	at org.testng.SuiteRunner.privateRun(SuiteRunner.java:415)
	at org.testng.SuiteRunner.run(SuiteRunner.java:364)
	at org.testng.SuiteRunnerWorker.runSuite(SuiteRunnerWorker.java:52)
	at org.testng.SuiteRunnerWorker.run(SuiteRunnerWorker.java:84)
	at org.testng.TestNG.runSuitesSequentially(TestNG.java:1208)
	at org.testng.TestNG.runSuitesLocally(TestNG.java:1137)
	at org.testng.TestNG.runSuites(TestNG.java:1049)
	at org.testng.TestNG.run(TestNG.java:1017)
	at org.apache.maven.surefire.testng.TestNGExecutor.run(TestNGExecutor.java:283)
	at org.apache.maven.surefire.testng.TestNGXmlTestSuite.execute(TestNGXmlTestSuite.java:75)
	at org.apache.maven.surefire.testng.TestNGProvider.invoke(TestNGProvider.java:120)
	at org.apache.maven.surefire.booter.ForkedBooter.invokeProviderInSameClassLoader(ForkedBooter.java:384)
	at org.apache.maven.surefire.booter.ForkedBooter.runSuitesInProcess(ForkedBooter.java:345)
	at org.apache.maven.surefire.booter.ForkedBooter.execute(ForkedBooter.java:126)
	at org.apache.maven.surefire.booter.ForkedBooter.main(ForkedBooter.java:418)
</pre></td> 
            </tr> 
           </tbody> 
          </table> 
         </div> 
        </div> </li> 
       <li class="test displayed active  fail" status="fail" bdd="false" test-id="2"> 
        <div class="test-heading"> 
         <span class="test-name">yanguang_ZH_001</span> 
         <span class="test-time">Mar 16, 2020 10:56:34 AM</span> 
         <span class="test-status right fail">fail</span> 
        </div> 
        <div class="test-content hide"> 
         <div class="test-time-info"> 
          <span class="label start-time">Mar 16, 2020 10:56:34 AM</span> 
          <span class="label end-time">Mar 16, 2020 10:56:49 AM</span> 
          <span class="label time-taken grey lighten-1 white-text">0h 0m 15s+155ms</span> 
         </div> 
         <div class="test-steps"> 
          <table class="bordered table-results"> 
           <thead> 
            <tr> 
             <th>Status</th> 
             <th>Timestamp</th> 
             <th>Details</th> 
            </tr> 
           </thead> 
           <tbody> 
            <tr class="log" status="debug"> 
             <td class="status debug" title="debug" alt="debug"><i class="material-icons">low_priority</i></td> 
             <td class="timestamp">11:00:25 AM</td> 
             <td class="step-details"><a href="snapshot/2020-03-16" 105648888.jpg target="_blank"><img src="snapshot//2020-03-16" 105648888.jpg style="width:30px;height:30px" img>失败截图</a></td> 
            </tr> 
            <tr class="log" status="fail"> 
             <td class="status fail" title="fail" alt="fail"><i class="material-icons">cancel</i></td> 
             <td class="timestamp">11:00:25 AM</td> 
             <td class="step-details"><pre>java.lang.NullPointerException
	at org.openqa.selenium.support.ui.ExpectedConditions.elementIfVisible(ExpectedConditions.java:314)
	at org.openqa.selenium.support.ui.ExpectedConditions.access$000(ExpectedConditions.java:43)
	at org.openqa.selenium.support.ui.ExpectedConditions$10.apply(ExpectedConditions.java:300)
	at org.openqa.selenium.support.ui.ExpectedConditions$10.apply(ExpectedConditions.java:297)
	at org.openqa.selenium.support.ui.FluentWait.until(FluentWait.java:249)
	at sun.baoxian.base.WebElementBase.DisplayElement(WebElementBase.java:540)
	at sun.baoxian.actions.yangguangAction.yangguangZH(yangguangAction.java:61)
	at sun.baoxian.yanguangTest.yanguang_ZH_001(yanguangTest.java:17)
	at sun.reflect.NativeMethodAccessorImpl.invoke0(Native Method)
	at sun.reflect.NativeMethodAccessorImpl.invoke(NativeMethodAccessorImpl.java:62)
	at sun.reflect.DelegatingMethodAccessorImpl.invoke(DelegatingMethodAccessorImpl.java:43)
	at java.lang.reflect.Method.invoke(Method.java:498)
	at org.testng.internal.MethodInvocationHelper.invokeMethod(MethodInvocationHelper.java:124)
	at org.testng.internal.Invoker.invokeMethod(Invoker.java:580)
	at org.testng.internal.Invoker.invokeTestMethod(Invoker.java:716)
	at org.testng.internal.Invoker.invokeTestMethods(Invoker.java:988)
	at org.testng.internal.TestMethodWorker.invokeTestMethods(TestMethodWorker.java:125)
	at org.testng.internal.TestMethodWorker.run(TestMethodWorker.java:109)
	at org.testng.TestRunner.privateRun(TestRunner.java:648)
	at org.testng.TestRunner.run(TestRunner.java:505)
	at org.testng.SuiteRunner.runTest(SuiteRunner.java:455)
	at org.testng.SuiteRunner.runSequentially(SuiteRunner.java:450)
	at org.testng.SuiteRunner.privateRun(SuiteRunner.java:415)
	at org.testng.SuiteRunner.run(SuiteRunner.java:364)
	at org.testng.SuiteRunnerWorker.runSuite(SuiteRunnerWorker.java:52)
	at org.testng.SuiteRunnerWorker.run(SuiteRunnerWorker.java:84)
	at org.testng.TestNG.runSuitesSequentially(TestNG.java:1208)
	at org.testng.TestNG.runSuitesLocally(TestNG.java:1137)
	at org.testng.TestNG.runSuites(TestNG.java:1049)
	at org.testng.TestNG.run(TestNG.java:1017)
	at org.apache.maven.surefire.testng.TestNGExecutor.run(TestNGExecutor.java:283)
	at org.apache.maven.surefire.testng.TestNGXmlTestSuite.execute(TestNGXmlTestSuite.java:75)
	at org.apache.maven.surefire.testng.TestNGProvider.invoke(TestNGProvider.java:120)
	at org.apache.maven.surefire.booter.ForkedBooter.invokeProviderInSameClassLoader(ForkedBooter.java:384)
	at org.apache.maven.surefire.booter.ForkedBooter.runSuitesInProcess(ForkedBooter.java:345)
	at org.apache.maven.surefire.booter.ForkedBooter.execute(ForkedBooter.java:126)
	at org.apache.maven.surefire.booter.ForkedBooter.main(ForkedBooter.java:418)
</pre></td> 
            </tr> 
           </tbody> 
          </table> 
         </div> 
        </div> </li> 
       <li class="test displayed active  fail" status="fail" bdd="false" test-id="3"> 
        <div class="test-heading"> 
         <span class="test-name">yangguang_001</span> 
         <span class="test-time">Mar 16, 2020 10:57:40 AM</span> 
         <span class="test-status right fail">fail</span> 
        </div> 
        <div class="test-content hide"> 
         <div class="test-time-info"> 
          <span class="label start-time">Mar 16, 2020 10:57:40 AM</span> 
          <span class="label end-time">Mar 16, 2020 10:57:41 AM</span> 
          <span class="label time-taken grey lighten-1 white-text">0h 0m 1s+351ms</span> 
         </div> 
         <div class="test-steps"> 
          <table class="bordered table-results"> 
           <thead> 
            <tr> 
             <th>Status</th> 
             <th>Timestamp</th> 
             <th>Details</th> 
            </tr> 
           </thead> 
           <tbody> 
            <tr class="log" status="fail"> 
             <td class="status fail" title="fail" alt="fail"><i class="material-icons">cancel</i></td> 
             <td class="timestamp">11:00:25 AM</td> 
             <td class="step-details"><textarea>org.openqa.selenium.WebDriverException: unknown error: Element &lt;div class="b-amount"&gt;...&lt;/div&gt; is not clickable at point (388, 558). Other element would receive the click: &lt;div class="flex-start flex-direction-column ml40 fee-wrap"&gt;...&lt;/div&gt;
  (Session info: headless chrome=80.0.3987.132)
  (Driver info: chromedriver=70.0.3538.67 (9ab0cfab84ded083718d3a4ff830726efd38869f),platform=Mac OS X 10.14.6 x86_64) (WARNING: The server did not provide any stacktrace information)
Command duration or timeout: 0 milliseconds
Build info: version: '3.141.59', revision: 'e82be7d358', time: '2018-11-14T08:17:03'
System info: host: 'xuepingsundeMacBook-Pro.local', ip: 'fe80:0:0:0:c98:507b:278f:dbbb%en0', os.name: 'Mac OS X', os.arch: 'x86_64', os.version: '10.14.6', java.version: '1.8.0_191'
Driver info: org.openqa.selenium.chrome.ChromeDriver
Capabilities {acceptInsecureCerts: false, acceptSslCerts: false, applicationCacheEnabled: false, browserConnectionEnabled: false, browserName: chrome, chrome: {chromedriverVersion: 70.0.3538.67 (9ab0cfab84ded..., userDataDir: /var/folders/gq/rj3hd6rn3tn...}, cssSelectorsEnabled: true, databaseEnabled: false, goog:chromeOptions: {debuggerAddress: localhost:60619}, handlesAlerts: true, hasTouchScreen: false, javascriptEnabled: true, locationContextEnabled: true, mobileEmulationEnabled: false, nativeEvents: true, networkConnectionEnabled: false, pageLoadStrategy: normal, platform: MAC, platformName: MAC, rotatable: false, setWindowRect: true, takesHeapSnapshot: true, takesScreenshot: true, unexpectedAlertBehaviour: , unhandledPromptBehavior: , version: 80.0.3987.132, webStorageEnabled: true}
Session ID: ec6adb6ca0ab8d1df860d6c354da7b58
	at sun.reflect.NativeConstructorAccessorImpl.newInstance0(Native Method)
	at sun.reflect.NativeConstructorAccessorImpl.newInstance(NativeConstructorAccessorImpl.java:62)
	at sun.reflect.DelegatingConstructorAccessorImpl.newInstance(DelegatingConstructorAccessorImpl.java:45)
	at java.lang.reflect.Constructor.newInstance(Constructor.java:423)
	at org.openqa.selenium.remote.ErrorHandler.createThrowable(ErrorHandler.java:214)
	at org.openqa.selenium.remote.ErrorHandler.throwIfResponseFailed(ErrorHandler.java:166)
	at org.openqa.selenium.remote.http.JsonHttpResponseCodec.reconstructValue(JsonHttpResponseCodec.java:40)
	at org.openqa.selenium.remote.http.AbstractHttpResponseCodec.decode(AbstractHttpResponseCodec.java:80)
	at org.openqa.selenium.remote.http.AbstractHttpResponseCodec.decode(AbstractHttpResponseCodec.java:44)
	at org.openqa.selenium.remote.HttpCommandExecutor.execute(HttpCommandExecutor.java:158)
	at org.openqa.selenium.remote.service.DriverCommandExecutor.execute(DriverCommandExecutor.java:83)
	at org.openqa.selenium.remote.RemoteWebDriver.execute(RemoteWebDriver.java:552)
	at org.openqa.selenium.remote.RemoteWebElement.execute(RemoteWebElement.java:285)
	at org.openqa.selenium.remote.RemoteWebElement.click(RemoteWebElement.java:84)
	at sun.baoxian.base.WebElementBase.click(WebElementBase.java:122)
	at sun.baoxian.actions.shortInsurance19Action.YG_ZH_Plus(shortInsurance19Action.java:200)
	at sun.baoxian.shortInsuranceTest.yangguang_001(shortInsuranceTest.java:47)
	at sun.reflect.NativeMethodAccessorImpl.invoke0(Native Method)
	at sun.reflect.NativeMethodAccessorImpl.invoke(NativeMethodAccessorImpl.java:62)
	at sun.reflect.DelegatingMethodAccessorImpl.invoke(DelegatingMethodAccessorImpl.java:43)
	at java.lang.reflect.Method.invoke(Method.java:498)
	at org.testng.internal.MethodInvocationHelper.invokeMethod(MethodInvocationHelper.java:124)
	at org.testng.internal.Invoker.invokeMethod(Invoker.java:580)
	at org.testng.internal.Invoker.invokeTestMethod(Invoker.java:716)
	at org.testng.internal.Invoker.invokeTestMethods(Invoker.java:988)
	at org.testng.internal.TestMethodWorker.invokeTestMethods(TestMethodWorker.java:125)
	at org.testng.internal.TestMethodWorker.run(TestMethodWorker.java:109)
	at org.testng.TestRunner.privateRun(TestRunner.java:648)
	at org.testng.TestRunner.run(TestRunner.java:505)
	at org.testng.SuiteRunner.runTest(SuiteRunner.java:455)
	at org.testng.SuiteRunner.runSequentially(SuiteRunner.java:450)
	at org.testng.SuiteRunner.privateRun(SuiteRunner.java:415)
	at org.testng.SuiteRunner.run(SuiteRunner.java:364)
	at org.testng.SuiteRunnerWorker.runSuite(SuiteRunnerWorker.java:52)
	at org.testng.SuiteRunnerWorker.run(SuiteRunnerWorker.java:84)
	at org.testng.TestNG.runSuitesSequentially(TestNG.java:1208)
	at org.testng.TestNG.runSuitesLocally(TestNG.java:1137)
	at org.testng.TestNG.runSuites(TestNG.java:1049)
	at org.testng.TestNG.run(TestNG.java:1017)
	at org.apache.maven.surefire.testng.TestNGExecutor.run(TestNGExecutor.java:283)
	at org.apache.maven.surefire.testng.TestNGXmlTestSuite.execute(TestNGXmlTestSuite.java:75)
	at org.apache.maven.surefire.testng.TestNGProvider.invoke(TestNGProvider.java:120)
	at org.apache.maven.surefire.booter.ForkedBooter.invokeProviderInSameClassLoader(ForkedBooter.java:384)
	at org.apache.maven.surefire.booter.ForkedBooter.runSuitesInProcess(ForkedBooter.java:345)
	at org.apache.maven.surefire.booter.ForkedBooter.execute(ForkedBooter.java:126)
	at org.apache.maven.surefire.booter.ForkedBooter.main(ForkedBooter.java:418)
</textarea></td> 
            </tr> 
           </tbody> 
          </table> 
         </div> 
        </div> </li> 
       <li class="test displayed active  fail" status="fail" bdd="false" test-id="4"> 
        <div class="test-heading"> 
         <span class="test-name">yangguang_002</span> 
         <span class="test-time">Mar 16, 2020 10:57:42 AM</span> 
         <span class="test-status right fail">fail</span> 
        </div> 
        <div class="test-content hide"> 
         <div class="test-time-info"> 
          <span class="label start-time">Mar 16, 2020 10:57:42 AM</span> 
          <span class="label end-time">Mar 16, 2020 10:57:54 AM</span> 
          <span class="label time-taken grey lighten-1 white-text">0h 0m 12s+162ms</span> 
         </div> 
         <div class="test-steps"> 
          <table class="bordered table-results"> 
           <thead> 
            <tr> 
             <th>Status</th> 
             <th>Timestamp</th> 
             <th>Details</th> 
            </tr> 
           </thead> 
           <tbody> 
            <tr class="log" status="debug"> 
             <td class="status debug" title="debug" alt="debug"><i class="material-icons">low_priority</i></td> 
             <td class="timestamp">11:00:25 AM</td> 
             <td class="step-details"><a href="snapshot/2020-03-16" 105754067.jpg target="_blank"><img src="snapshot//2020-03-16" 105754067.jpg style="width:30px;height:30px" img>失败截图</a></td> 
            </tr> 
            <tr class="log" status="fail"> 
             <td class="status fail" title="fail" alt="fail"><i class="material-icons">cancel</i></td> 
             <td class="timestamp">11:00:25 AM</td> 
             <td class="step-details"><pre>java.lang.NullPointerException
	at org.openqa.selenium.support.ui.ExpectedConditions.elementIfVisible(ExpectedConditions.java:314)
	at org.openqa.selenium.support.ui.ExpectedConditions.access$000(ExpectedConditions.java:43)
	at org.openqa.selenium.support.ui.ExpectedConditions$10.apply(ExpectedConditions.java:300)
	at org.openqa.selenium.support.ui.ExpectedConditions$10.apply(ExpectedConditions.java:297)
	at org.openqa.selenium.support.ui.FluentWait.until(FluentWait.java:249)
	at sun.baoxian.base.WebElementBase.DisplayElement(WebElementBase.java:540)
	at sun.baoxian.actions.shortInsurance19Action.YG_BW_Plus(shortInsurance19Action.java:238)
	at sun.baoxian.shortInsuranceTest.yangguang_002(shortInsuranceTest.java:52)
	at sun.reflect.NativeMethodAccessorImpl.invoke0(Native Method)
	at sun.reflect.NativeMethodAccessorImpl.invoke(NativeMethodAccessorImpl.java:62)
	at sun.reflect.DelegatingMethodAccessorImpl.invoke(DelegatingMethodAccessorImpl.java:43)
	at java.lang.reflect.Method.invoke(Method.java:498)
	at org.testng.internal.MethodInvocationHelper.invokeMethod(MethodInvocationHelper.java:124)
	at org.testng.internal.Invoker.invokeMethod(Invoker.java:580)
	at org.testng.internal.Invoker.invokeTestMethod(Invoker.java:716)
	at org.testng.internal.Invoker.invokeTestMethods(Invoker.java:988)
	at org.testng.internal.TestMethodWorker.invokeTestMethods(TestMethodWorker.java:125)
	at org.testng.internal.TestMethodWorker.run(TestMethodWorker.java:109)
	at org.testng.TestRunner.privateRun(TestRunner.java:648)
	at org.testng.TestRunner.run(TestRunner.java:505)
	at org.testng.SuiteRunner.runTest(SuiteRunner.java:455)
	at org.testng.SuiteRunner.runSequentially(SuiteRunner.java:450)
	at org.testng.SuiteRunner.privateRun(SuiteRunner.java:415)
	at org.testng.SuiteRunner.run(SuiteRunner.java:364)
	at org.testng.SuiteRunnerWorker.runSuite(SuiteRunnerWorker.java:52)
	at org.testng.SuiteRunnerWorker.run(SuiteRunnerWorker.java:84)
	at org.testng.TestNG.runSuitesSequentially(TestNG.java:1208)
	at org.testng.TestNG.runSuitesLocally(TestNG.java:1137)
	at org.testng.TestNG.runSuites(TestNG.java:1049)
	at org.testng.TestNG.run(TestNG.java:1017)
	at org.apache.maven.surefire.testng.TestNGExecutor.run(TestNGExecutor.java:283)
	at org.apache.maven.surefire.testng.TestNGXmlTestSuite.execute(TestNGXmlTestSuite.java:75)
	at org.apache.maven.surefire.testng.TestNGProvider.invoke(TestNGProvider.java:120)
	at org.apache.maven.surefire.booter.ForkedBooter.invokeProviderInSameClassLoader(ForkedBooter.java:384)
	at org.apache.maven.surefire.booter.ForkedBooter.runSuitesInProcess(ForkedBooter.java:345)
	at org.apache.maven.surefire.booter.ForkedBooter.execute(ForkedBooter.java:126)
	at org.apache.maven.surefire.booter.ForkedBooter.main(ForkedBooter.java:418)
</pre></td> 
            </tr> 
           </tbody> 
          </table> 
         </div> 
        </div> </li> 
       <li class="test displayed active  fail" status="fail" bdd="false" test-id="5"> 
        <div class="test-heading"> 
         <span class="test-name">changqingbao</span> 
         <span class="test-time">Mar 16, 2020 10:58:37 AM</span> 
         <span class="test-status right fail">fail</span> 
        </div> 
        <div class="test-content hide"> 
         <div class="test-time-info"> 
          <span class="label start-time">Mar 16, 2020 10:58:37 AM</span> 
          <span class="label end-time">Mar 16, 2020 10:58:51 AM</span> 
          <span class="label time-taken grey lighten-1 white-text">0h 0m 13s+811ms</span> 
         </div> 
         <div class="test-steps"> 
          <table class="bordered table-results"> 
           <thead> 
            <tr> 
             <th>Status</th> 
             <th>Timestamp</th> 
             <th>Details</th> 
            </tr> 
           </thead> 
           <tbody> 
            <tr class="log" status="fail"> 
             <td class="status fail" title="fail" alt="fail"><i class="material-icons">cancel</i></td> 
             <td class="timestamp">11:00:25 AM</td> 
             <td class="step-details"><pre>org.openqa.selenium.NoSuchElementException: no such element: Unable to locate element: {"method":"xpath","selector":"//*[text()='确定']"}
  (Session info: headless chrome=80.0.3987.132)
  (Driver info: chromedriver=70.0.3538.67 (9ab0cfab84ded083718d3a4ff830726efd38869f),platform=Mac OS X 10.14.6 x86_64) (WARNING: The server did not provide any stacktrace information)
Command duration or timeout: 0 milliseconds
For documentation on this error, please visit: https://www.seleniumhq.org/exceptions/no_such_element.html
Build info: version: '3.141.59', revision: 'e82be7d358', time: '2018-11-14T08:17:03'
System info: host: 'xuepingsundeMacBook-Pro.local', ip: 'fe80:0:0:0:c98:507b:278f:dbbb%en0', os.name: 'Mac OS X', os.arch: 'x86_64', os.version: '10.14.6', java.version: '1.8.0_191'
Driver info: org.openqa.selenium.chrome.ChromeDriver
Capabilities {acceptInsecureCerts: false, acceptSslCerts: false, applicationCacheEnabled: false, browserConnectionEnabled: false, browserName: chrome, chrome: {chromedriverVersion: 70.0.3538.67 (9ab0cfab84ded..., userDataDir: /var/folders/gq/rj3hd6rn3tn...}, cssSelectorsEnabled: true, databaseEnabled: false, goog:chromeOptions: {debuggerAddress: localhost:60797}, handlesAlerts: true, hasTouchScreen: false, javascriptEnabled: true, locationContextEnabled: true, mobileEmulationEnabled: false, nativeEvents: true, networkConnectionEnabled: false, pageLoadStrategy: normal, platform: MAC, platformName: MAC, rotatable: false, setWindowRect: true, takesHeapSnapshot: true, takesScreenshot: true, unexpectedAlertBehaviour: , unhandledPromptBehavior: , version: 80.0.3987.132, webStorageEnabled: true}
Session ID: 8d91e75ce601e4a68530afa836d39a3d
*** Element info: {Using=xpath, value=//*[text()='确定']}
	at sun.reflect.GeneratedConstructorAccessor16.newInstance(Unknown Source)
	at sun.reflect.DelegatingConstructorAccessorImpl.newInstance(DelegatingConstructorAccessorImpl.java:45)
	at java.lang.reflect.Constructor.newInstance(Constructor.java:423)
	at org.openqa.selenium.remote.ErrorHandler.createThrowable(ErrorHandler.java:214)
	at org.openqa.selenium.remote.ErrorHandler.throwIfResponseFailed(ErrorHandler.java:166)
	at org.openqa.selenium.remote.http.JsonHttpResponseCodec.reconstructValue(JsonHttpResponseCodec.java:40)
	at org.openqa.selenium.remote.http.AbstractHttpResponseCodec.decode(AbstractHttpResponseCodec.java:80)
	at org.openqa.selenium.remote.http.AbstractHttpResponseCodec.decode(AbstractHttpResponseCodec.java:44)
	at org.openqa.selenium.remote.HttpCommandExecutor.execute(HttpCommandExecutor.java:158)
	at org.openqa.selenium.remote.service.DriverCommandExecutor.execute(DriverCommandExecutor.java:83)
	at org.openqa.selenium.remote.RemoteWebDriver.execute(RemoteWebDriver.java:552)
	at org.openqa.selenium.remote.RemoteWebDriver.findElement(RemoteWebDriver.java:323)
	at org.openqa.selenium.remote.RemoteWebDriver.findElementByXPath(RemoteWebDriver.java:428)
	at org.openqa.selenium.By$ByXPath.findElement(By.java:353)
	at org.openqa.selenium.remote.RemoteWebDriver.findElement(RemoteWebDriver.java:315)
	at sun.baoxian.actions.changqingbaoAction.changqingbao_001(changqingbaoAction.java:45)
	at sun.baoxian.changqingbaoTest.changqingbao(changqingbaoTest.java:11)
	at sun.reflect.NativeMethodAccessorImpl.invoke0(Native Method)
	at sun.reflect.NativeMethodAccessorImpl.invoke(NativeMethodAccessorImpl.java:62)
	at sun.reflect.DelegatingMethodAccessorImpl.invoke(DelegatingMethodAccessorImpl.java:43)
	at java.lang.reflect.Method.invoke(Method.java:498)
	at org.testng.internal.MethodInvocationHelper.invokeMethod(MethodInvocationHelper.java:124)
	at org.testng.internal.Invoker.invokeMethod(Invoker.java:580)
	at org.testng.internal.Invoker.invokeTestMethod(Invoker.java:716)
	at org.testng.internal.Invoker.invokeTestMethods(Invoker.java:988)
	at org.testng.internal.TestMethodWorker.invokeTestMethods(TestMethodWorker.java:125)
	at org.testng.internal.TestMethodWorker.run(TestMethodWorker.java:109)
	at org.testng.TestRunner.privateRun(TestRunner.java:648)
	at org.testng.TestRunner.run(TestRunner.java:505)
	at org.testng.SuiteRunner.runTest(SuiteRunner.java:455)
	at org.testng.SuiteRunner.runSequentially(SuiteRunner.java:450)
	at org.testng.SuiteRunner.privateRun(SuiteRunner.java:415)
	at org.testng.SuiteRunner.run(SuiteRunner.java:364)
	at org.testng.SuiteRunnerWorker.runSuite(SuiteRunnerWorker.java:52)
	at org.testng.SuiteRunnerWorker.run(SuiteRunnerWorker.java:84)
	at org.testng.TestNG.runSuitesSequentially(TestNG.java:1208)
	at org.testng.TestNG.runSuitesLocally(TestNG.java:1137)
	at org.testng.TestNG.runSuites(TestNG.java:1049)
	at org.testng.TestNG.run(TestNG.java:1017)
	at org.apache.maven.surefire.testng.TestNGExecutor.run(TestNGExecutor.java:283)
	at org.apache.maven.surefire.testng.TestNGXmlTestSuite.execute(TestNGXmlTestSuite.java:75)
	at org.apache.maven.surefire.testng.TestNGProvider.invoke(TestNGProvider.java:120)
	at org.apache.maven.surefire.booter.ForkedBooter.invokeProviderInSameClassLoader(ForkedBooter.java:384)
	at org.apache.maven.surefire.booter.ForkedBooter.runSuitesInProcess(ForkedBooter.java:345)
	at org.apache.maven.surefire.booter.ForkedBooter.execute(ForkedBooter.java:126)
	at org.apache.maven.surefire.booter.ForkedBooter.main(ForkedBooter.java:418)
</pre></td> 
            </tr> 
           </tbody> 
          </table> 
         </div> 
        </div> </li> 
       <li class="test displayed active  fail" status="fail" bdd="false" test-id="6"> 
        <div class="test-heading"> 
         <span class="test-name">mamibaobei</span> 
         <span class="test-time">Mar 16, 2020 10:59:07 AM</span> 
         <span class="test-status right fail">fail</span> 
        </div> 
        <div class="test-content hide"> 
         <div class="test-time-info"> 
          <span class="label start-time">Mar 16, 2020 10:59:07 AM</span> 
          <span class="label end-time">Mar 16, 2020 11:00:04 AM</span> 
          <span class="label time-taken grey lighten-1 white-text">0h 0m 57s+146ms</span> 
         </div> 
         <div class="test-steps"> 
          <table class="bordered table-results"> 
           <thead> 
            <tr> 
             <th>Status</th> 
             <th>Timestamp</th> 
             <th>Details</th> 
            </tr> 
           </thead> 
           <tbody> 
            <tr class="log" status="debug"> 
             <td class="status debug" title="debug" alt="debug"><i class="material-icons">low_priority</i></td> 
             <td class="timestamp">11:00:25 AM</td> 
             <td class="step-details"><a href="snapshot/2020-03-16" 110004447.jpg target="_blank"><img src="snapshot//2020-03-16" 110004447.jpg style="width:30px;height:30px" img>失败截图</a></td> 
            </tr> 
            <tr class="log" status="fail"> 
             <td class="status fail" title="fail" alt="fail"><i class="material-icons">cancel</i></td> 
             <td class="timestamp">11:00:25 AM</td> 
             <td class="step-details"><pre>java.lang.NullPointerException
	at org.openqa.selenium.support.ui.ExpectedConditions.elementIfVisible(ExpectedConditions.java:314)
	at org.openqa.selenium.support.ui.ExpectedConditions.access$000(ExpectedConditions.java:43)
	at org.openqa.selenium.support.ui.ExpectedConditions$10.apply(ExpectedConditions.java:300)
	at org.openqa.selenium.support.ui.ExpectedConditions$10.apply(ExpectedConditions.java:297)
	at org.openqa.selenium.support.ui.FluentWait.until(FluentWait.java:249)
	at sun.baoxian.base.WebElementBase.DisplayElement(WebElementBase.java:540)
	at sun.baoxian.actions.mamibaobeiAction.mamibaobei_test(mamibaobeiAction.java:102)
	at sun.baoxian.mamibaobeiTest.mamibaobei(mamibaobeiTest.java:12)
	at sun.reflect.NativeMethodAccessorImpl.invoke0(Native Method)
	at sun.reflect.NativeMethodAccessorImpl.invoke(NativeMethodAccessorImpl.java:62)
	at sun.reflect.DelegatingMethodAccessorImpl.invoke(DelegatingMethodAccessorImpl.java:43)
	at java.lang.reflect.Method.invoke(Method.java:498)
	at org.testng.internal.MethodInvocationHelper.invokeMethod(MethodInvocationHelper.java:124)
	at org.testng.internal.Invoker.invokeMethod(Invoker.java:580)
	at org.testng.internal.Invoker.invokeTestMethod(Invoker.java:716)
	at org.testng.internal.Invoker.invokeTestMethods(Invoker.java:988)
	at org.testng.internal.TestMethodWorker.invokeTestMethods(TestMethodWorker.java:125)
	at org.testng.internal.TestMethodWorker.run(TestMethodWorker.java:109)
	at org.testng.TestRunner.privateRun(TestRunner.java:648)
	at org.testng.TestRunner.run(TestRunner.java:505)
	at org.testng.SuiteRunner.runTest(SuiteRunner.java:455)
	at org.testng.SuiteRunner.runSequentially(SuiteRunner.java:450)
	at org.testng.SuiteRunner.privateRun(SuiteRunner.java:415)
	at org.testng.SuiteRunner.run(SuiteRunner.java:364)
	at org.testng.SuiteRunnerWorker.runSuite(SuiteRunnerWorker.java:52)
	at org.testng.SuiteRunnerWorker.run(SuiteRunnerWorker.java:84)
	at org.testng.TestNG.runSuitesSequentially(TestNG.java:1208)
	at org.testng.TestNG.runSuitesLocally(TestNG.java:1137)
	at org.testng.TestNG.runSuites(TestNG.java:1049)
	at org.testng.TestNG.run(TestNG.java:1017)
	at org.apache.maven.surefire.testng.TestNGExecutor.run(TestNGExecutor.java:283)
	at org.apache.maven.surefire.testng.TestNGXmlTestSuite.execute(TestNGXmlTestSuite.java:75)
	at org.apache.maven.surefire.testng.TestNGProvider.invoke(TestNGProvider.java:120)
	at org.apache.maven.surefire.booter.ForkedBooter.invokeProviderInSameClassLoader(ForkedBooter.java:384)
	at org.apache.maven.surefire.booter.ForkedBooter.runSuitesInProcess(ForkedBooter.java:345)
	at org.apache.maven.surefire.booter.ForkedBooter.execute(ForkedBooter.java:126)
	at org.apache.maven.surefire.booter.ForkedBooter.main(ForkedBooter.java:418)
</pre></td> 
            </tr> 
           </tbody> 
          </table> 
         </div> 
        </div> </li> 
       <li class="test displayed active  fail" status="fail" bdd="false" test-id="7"> 
        <div class="test-heading"> 
         <span class="test-name">kaixinbaobei_001</span> 
         <span class="test-time">Mar 16, 2020 11:00:19 AM</span> 
         <span class="test-status right fail">fail</span> 
        </div> 
        <div class="test-content hide"> 
         <div class="test-time-info"> 
          <span class="label start-time">Mar 16, 2020 11:00:19 AM</span> 
          <span class="label end-time">Mar 16, 2020 11:00:25 AM</span> 
          <span class="label time-taken grey lighten-1 white-text">0h 0m 5s+669ms</span> 
         </div> 
         <div class="test-steps"> 
          <table class="bordered table-results"> 
           <thead> 
            <tr> 
             <th>Status</th> 
             <th>Timestamp</th> 
             <th>Details</th> 
            </tr> 
           </thead> 
           <tbody> 
            <tr class="log" status="fail"> 
             <td class="status fail" title="fail" alt="fail"><i class="material-icons">cancel</i></td> 
             <td class="timestamp">11:00:25 AM</td> 
             <td class="step-details"><textarea>org.openqa.selenium.WebDriverException: unknown error: Element &lt;span class="b-amount"&gt;...&lt;/span&gt; is not clickable at point (318, 501). Other element would receive the click: &lt;div class="flex-center pt25 mr40 mb40"&gt;...&lt;/div&gt;
  (Session info: headless chrome=80.0.3987.132)
  (Driver info: chromedriver=70.0.3538.67 (9ab0cfab84ded083718d3a4ff830726efd38869f),platform=Mac OS X 10.14.6 x86_64) (WARNING: The server did not provide any stacktrace information)
Command duration or timeout: 0 milliseconds
Build info: version: '3.141.59', revision: 'e82be7d358', time: '2018-11-14T08:17:03'
System info: host: 'xuepingsundeMacBook-Pro.local', ip: 'fe80:0:0:0:c98:507b:278f:dbbb%en0', os.name: 'Mac OS X', os.arch: 'x86_64', os.version: '10.14.6', java.version: '1.8.0_191'
Driver info: org.openqa.selenium.chrome.ChromeDriver
Capabilities {acceptInsecureCerts: false, acceptSslCerts: false, applicationCacheEnabled: false, browserConnectionEnabled: false, browserName: chrome, chrome: {chromedriverVersion: 70.0.3538.67 (9ab0cfab84ded..., userDataDir: /var/folders/gq/rj3hd6rn3tn...}, cssSelectorsEnabled: true, databaseEnabled: false, goog:chromeOptions: {debuggerAddress: localhost:60972}, handlesAlerts: true, hasTouchScreen: false, javascriptEnabled: true, locationContextEnabled: true, mobileEmulationEnabled: false, nativeEvents: true, networkConnectionEnabled: false, pageLoadStrategy: normal, platform: MAC, platformName: MAC, rotatable: false, setWindowRect: true, takesHeapSnapshot: true, takesScreenshot: true, unexpectedAlertBehaviour: , unhandledPromptBehavior: , version: 80.0.3987.132, webStorageEnabled: true}
Session ID: fe6a0bd2c85246caf9a0b16e7d1c5ce6
	at sun.reflect.NativeConstructorAccessorImpl.newInstance0(Native Method)
	at sun.reflect.NativeConstructorAccessorImpl.newInstance(NativeConstructorAccessorImpl.java:62)
	at sun.reflect.DelegatingConstructorAccessorImpl.newInstance(DelegatingConstructorAccessorImpl.java:45)
	at java.lang.reflect.Constructor.newInstance(Constructor.java:423)
	at org.openqa.selenium.remote.ErrorHandler.createThrowable(ErrorHandler.java:214)
	at org.openqa.selenium.remote.ErrorHandler.throwIfResponseFailed(ErrorHandler.java:166)
	at org.openqa.selenium.remote.http.JsonHttpResponseCodec.reconstructValue(JsonHttpResponseCodec.java:40)
	at org.openqa.selenium.remote.http.AbstractHttpResponseCodec.decode(AbstractHttpResponseCodec.java:80)
	at org.openqa.selenium.remote.http.AbstractHttpResponseCodec.decode(AbstractHttpResponseCodec.java:44)
	at org.openqa.selenium.remote.HttpCommandExecutor.execute(HttpCommandExecutor.java:158)
	at org.openqa.selenium.remote.service.DriverCommandExecutor.execute(DriverCommandExecutor.java:83)
	at org.openqa.selenium.remote.RemoteWebDriver.execute(RemoteWebDriver.java:552)
	at org.openqa.selenium.remote.RemoteWebElement.execute(RemoteWebElement.java:285)
	at org.openqa.selenium.remote.RemoteWebElement.click(RemoteWebElement.java:84)
	at sun.baoxian.base.WebElementBase.click(WebElementBase.java:122)
	at sun.baoxian.actions.kaixinbaobeiAction.kaixinbaobei(kaixinbaobeiAction.java:26)
	at sun.baoxian.kaixinbaobeiTest.kaixinbaobei_001(kaixinbaobeiTest.java:11)
	at sun.reflect.NativeMethodAccessorImpl.invoke0(Native Method)
	at sun.reflect.NativeMethodAccessorImpl.invoke(NativeMethodAccessorImpl.java:62)
	at sun.reflect.DelegatingMethodAccessorImpl.invoke(DelegatingMethodAccessorImpl.java:43)
	at java.lang.reflect.Method.invoke(Method.java:498)
	at org.testng.internal.MethodInvocationHelper.invokeMethod(MethodInvocationHelper.java:124)
	at org.testng.internal.Invoker.invokeMethod(Invoker.java:580)
	at org.testng.internal.Invoker.invokeTestMethod(Invoker.java:716)
	at org.testng.internal.Invoker.invokeTestMethods(Invoker.java:988)
	at org.testng.internal.TestMethodWorker.invokeTestMethods(TestMethodWorker.java:125)
	at org.testng.internal.TestMethodWorker.run(TestMethodWorker.java:109)
	at org.testng.TestRunner.privateRun(TestRunner.java:648)
	at org.testng.TestRunner.run(TestRunner.java:505)
	at org.testng.SuiteRunner.runTest(SuiteRunner.java:455)
	at org.testng.SuiteRunner.runSequentially(SuiteRunner.java:450)
	at org.testng.SuiteRunner.privateRun(SuiteRunner.java:415)
	at org.testng.SuiteRunner.run(SuiteRunner.java:364)
	at org.testng.SuiteRunnerWorker.runSuite(SuiteRunnerWorker.java:52)
	at org.testng.SuiteRunnerWorker.run(SuiteRunnerWorker.java:84)
	at org.testng.TestNG.runSuitesSequentially(TestNG.java:1208)
	at org.testng.TestNG.runSuitesLocally(TestNG.java:1137)
	at org.testng.TestNG.runSuites(TestNG.java:1049)
	at org.testng.TestNG.run(TestNG.java:1017)
	at org.apache.maven.surefire.testng.TestNGExecutor.run(TestNGExecutor.java:283)
	at org.apache.maven.surefire.testng.TestNGXmlTestSuite.execute(TestNGXmlTestSuite.java:75)
	at org.apache.maven.surefire.testng.TestNGProvider.invoke(TestNGProvider.java:120)
	at org.apache.maven.surefire.booter.ForkedBooter.invokeProviderInSameClassLoader(ForkedBooter.java:384)
	at org.apache.maven.surefire.booter.ForkedBooter.runSuitesInProcess(ForkedBooter.java:345)
	at org.apache.maven.surefire.booter.ForkedBooter.execute(ForkedBooter.java:126)
	at org.apache.maven.surefire.booter.ForkedBooter.main(ForkedBooter.java:418)
</textarea></td> 
            </tr> 
           </tbody> 
          </table> 
         </div> 
        </div> </li> 
       <li class="test displayed active  pass" status="pass" bdd="false" test-id="8"> 
        <div class="test-heading"> 
         <span class="test-name">jiangxin_test</span> 
         <span class="test-time">Mar 16, 2020 10:55:47 AM</span> 
         <span class="test-status right pass">pass</span> 
        </div> 
        <div class="test-content hide"> 
         <div class="test-time-info"> 
          <span class="label start-time">Mar 16, 2020 10:55:47 AM</span> 
          <span class="label end-time">Mar 16, 2020 10:56:04 AM</span> 
          <span class="label time-taken grey lighten-1 white-text">0h 0m 17s+384ms</span> 
         </div> 
         <div class="test-steps"> 
          <table class="bordered table-results"> 
           <thead> 
            <tr> 
             <th>Status</th> 
             <th>Timestamp</th> 
             <th>Details</th> 
            </tr> 
           </thead> 
           <tbody> 
            <tr class="log" status="debug"> 
             <td class="status debug" title="debug" alt="debug"><i class="material-icons">low_priority</i></td> 
             <td class="timestamp">11:00:25 AM</td> 
             <td class="step-details">投保人信息：手机号：13607793518 身份证号：632123198811019916</td> 
            </tr> 
            <tr class="log" status="debug"> 
             <td class="status debug" title="debug" alt="debug"><i class="material-icons">low_priority</i></td> 
             <td class="timestamp">11:00:25 AM</td> 
             <td class="step-details">http://test.bxm.ncfimg.com/#/pay_accident?btoken=32b8d244fa34bbc7cd088fc7c7c7e3d1&amp;__a=</td> 
            </tr> 
            <tr class="log" status="pass"> 
             <td class="status pass" title="pass" alt="pass"><i class="material-icons">check_circle</i></td> 
             <td class="timestamp">11:00:25 AM</td> 
             <td class="step-details">Test passed</td> 
            </tr> 
           </tbody> 
          </table> 
         </div> 
        </div> </li> 
       <li class="test displayed active  pass" status="pass" bdd="false" test-id="9"> 
        <div class="test-heading"> 
         <span class="test-name">taikang2020_PH_001</span> 
         <span class="test-time">Mar 16, 2020 10:56:50 AM</span> 
         <span class="test-status right pass">pass</span> 
        </div> 
        <div class="test-content hide"> 
         <div class="test-time-info"> 
          <span class="label start-time">Mar 16, 2020 10:56:50 AM</span> 
          <span class="label end-time">Mar 16, 2020 10:57:00 AM</span> 
          <span class="label time-taken grey lighten-1 white-text">0h 0m 10s+755ms</span> 
         </div> 
         <div class="test-steps"> 
          <table class="bordered table-results"> 
           <thead> 
            <tr> 
             <th>Status</th> 
             <th>Timestamp</th> 
             <th>Details</th> 
            </tr> 
           </thead> 
           <tbody> 
            <tr class="log" status="debug"> 
             <td class="status debug" title="debug" alt="debug"><i class="material-icons">low_priority</i></td> 
             <td class="timestamp">11:00:25 AM</td> 
             <td class="step-details">投保人信息：手机号：13002564411 身份证号：513232199212102005</td> 
            </tr> 
            <tr class="log" status="debug"> 
             <td class="status debug" title="debug" alt="debug"><i class="material-icons">low_priority</i></td> 
             <td class="timestamp">11:00:25 AM</td> 
             <td class="step-details">http://test.bxm.ncfimg.com/#/pay_accident?btoken=9627de7d8e7608f02d2b4ec72ca07a47&amp;__a=</td> 
            </tr> 
            <tr class="log" status="pass"> 
             <td class="status pass" title="pass" alt="pass"><i class="material-icons">check_circle</i></td> 
             <td class="timestamp">11:00:25 AM</td> 
             <td class="step-details">Test passed</td> 
            </tr> 
           </tbody> 
          </table> 
         </div> 
        </div> </li> 
       <li class="test displayed active  pass" status="pass" bdd="false" test-id="10"> 
        <div class="test-heading"> 
         <span class="test-name">taikang2020_SC_001</span> 
         <span class="test-time">Mar 16, 2020 10:57:01 AM</span> 
         <span class="test-status right pass">pass</span> 
        </div> 
        <div class="test-content hide"> 
         <div class="test-time-info"> 
          <span class="label start-time">Mar 16, 2020 10:57:01 AM</span> 
          <span class="label end-time">Mar 16, 2020 10:57:17 AM</span> 
          <span class="label time-taken grey lighten-1 white-text">0h 0m 15s+887ms</span> 
         </div> 
         <div class="test-steps"> 
          <table class="bordered table-results"> 
           <thead> 
            <tr> 
             <th>Status</th> 
             <th>Timestamp</th> 
             <th>Details</th> 
            </tr> 
           </thead> 
           <tbody> 
            <tr class="log" status="debug"> 
             <td class="status debug" title="debug" alt="debug"><i class="material-icons">low_priority</i></td> 
             <td class="timestamp">11:00:25 AM</td> 
             <td class="step-details">投保人信息：手机号：15001836548 身份证号：210903199212104003</td> 
            </tr> 
            <tr class="log" status="debug"> 
             <td class="status debug" title="debug" alt="debug"><i class="material-icons">low_priority</i></td> 
             <td class="timestamp">11:00:25 AM</td> 
             <td class="step-details">http://test.bxm.ncfimg.com/#/pay_accident?btoken=e16c1125d97ac3a9e41b6d961d83f841&amp;__a=</td> 
            </tr> 
            <tr class="log" status="pass"> 
             <td class="status pass" title="pass" alt="pass"><i class="material-icons">check_circle</i></td> 
             <td class="timestamp">11:00:25 AM</td> 
             <td class="step-details">Test passed</td> 
            </tr> 
           </tbody> 
          </table> 
         </div> 
        </div> </li> 
       <li class="test displayed active  pass" status="pass" bdd="false" test-id="11"> 
        <div class="test-heading"> 
         <span class="test-name">taikang2020_SC_002</span> 
         <span class="test-time">Mar 16, 2020 10:57:18 AM</span> 
         <span class="test-status right pass">pass</span> 
        </div> 
        <div class="test-content hide"> 
         <div class="test-time-info"> 
          <span class="label start-time">Mar 16, 2020 10:57:18 AM</span> 
          <span class="label end-time">Mar 16, 2020 10:57:28 AM</span> 
          <span class="label time-taken grey lighten-1 white-text">0h 0m 10s+174ms</span> 
         </div> 
         <div class="test-steps"> 
          <table class="bordered table-results"> 
           <thead> 
            <tr> 
             <th>Status</th> 
             <th>Timestamp</th> 
             <th>Details</th> 
            </tr> 
           </thead> 
           <tbody> 
            <tr class="log" status="pass"> 
             <td class="status pass" title="pass" alt="pass"><i class="material-icons">check_circle</i></td> 
             <td class="timestamp">11:00:25 AM</td> 
             <td class="step-details">Test passed</td> 
            </tr> 
           </tbody> 
          </table> 
         </div> 
        </div> </li> 
       <li class="test displayed active  pass" status="pass" bdd="false" test-id="12"> 
        <div class="test-heading"> 
         <span class="test-name">taikang2020_SC_003</span> 
         <span class="test-time">Mar 16, 2020 10:57:29 AM</span> 
         <span class="test-status right pass">pass</span> 
        </div> 
        <div class="test-content hide"> 
         <div class="test-time-info"> 
          <span class="label start-time">Mar 16, 2020 10:57:29 AM</span> 
          <span class="label end-time">Mar 16, 2020 10:57:39 AM</span> 
          <span class="label time-taken grey lighten-1 white-text">0h 0m 10s+669ms</span> 
         </div> 
         <div class="test-steps"> 
          <table class="bordered table-results"> 
           <thead> 
            <tr> 
             <th>Status</th> 
             <th>Timestamp</th> 
             <th>Details</th> 
            </tr> 
           </thead> 
           <tbody> 
            <tr class="log" status="debug"> 
             <td class="status debug" title="debug" alt="debug"><i class="material-icons">low_priority</i></td> 
             <td class="timestamp">11:00:25 AM</td> 
             <td class="step-details">投保人信息：手机号：15904386443 身份证号：511821199212101004</td> 
            </tr> 
            <tr class="log" status="debug"> 
             <td class="status debug" title="debug" alt="debug"><i class="material-icons">low_priority</i></td> 
             <td class="timestamp">11:00:25 AM</td> 
             <td class="step-details">http://test.bxm.ncfimg.com/#/pay_accident?btoken=f7d1023009be2558a672e7ae65c888cf&amp;__a=</td> 
            </tr> 
            <tr class="log" status="pass"> 
             <td class="status pass" title="pass" alt="pass"><i class="material-icons">check_circle</i></td> 
             <td class="timestamp">11:00:25 AM</td> 
             <td class="step-details">Test passed</td> 
            </tr> 
           </tbody> 
          </table> 
         </div> 
        </div> </li> 
       <li class="test displayed active  pass" status="pass" bdd="false" test-id="13"> 
        <div class="test-heading"> 
         <span class="test-name">zhonghui_001</span> 
         <span class="test-time">Mar 16, 2020 10:57:55 AM</span> 
         <span class="test-status right pass">pass</span> 
        </div> 
        <div class="test-content hide"> 
         <div class="test-time-info"> 
          <span class="label start-time">Mar 16, 2020 10:57:55 AM</span> 
          <span class="label end-time">Mar 16, 2020 10:58:08 AM</span> 
          <span class="label time-taken grey lighten-1 white-text">0h 0m 13s+367ms</span> 
         </div> 
         <div class="test-steps"> 
          <table class="bordered table-results"> 
           <thead> 
            <tr> 
             <th>Status</th> 
             <th>Timestamp</th> 
             <th>Details</th> 
            </tr> 
           </thead> 
           <tbody> 
            <tr class="log" status="debug"> 
             <td class="status debug" title="debug" alt="debug"><i class="material-icons">low_priority</i></td> 
             <td class="timestamp">11:00:25 AM</td> 
             <td class="step-details">投保人信息：手机号：15002500881 身份证号：410403199212100002</td> 
            </tr> 
            <tr class="log" status="debug"> 
             <td class="status debug" title="debug" alt="debug"><i class="material-icons">low_priority</i></td> 
             <td class="timestamp">11:00:25 AM</td> 
             <td class="step-details">http://test.bxm.ncfimg.com/#/pay_accident?btoken=aae8418005de6c5804af040ad2ce0c48&amp;__a=</td> 
            </tr> 
            <tr class="log" status="pass"> 
             <td class="status pass" title="pass" alt="pass"><i class="material-icons">check_circle</i></td> 
             <td class="timestamp">11:00:25 AM</td> 
             <td class="step-details">Test passed</td> 
            </tr> 
           </tbody> 
          </table> 
         </div> 
        </div> </li> 
       <li class="test displayed active  pass" status="pass" bdd="false" test-id="14"> 
        <div class="test-heading"> 
         <span class="test-name">zhonghui_002</span> 
         <span class="test-time">Mar 16, 2020 10:58:09 AM</span> 
         <span class="test-status right pass">pass</span> 
        </div> 
        <div class="test-content hide"> 
         <div class="test-time-info"> 
          <span class="label start-time">Mar 16, 2020 10:58:09 AM</span> 
          <span class="label end-time">Mar 16, 2020 10:58:19 AM</span> 
          <span class="label time-taken grey lighten-1 white-text">0h 0m 10s+437ms</span> 
         </div> 
         <div class="test-steps"> 
          <table class="bordered table-results"> 
           <thead> 
            <tr> 
             <th>Status</th> 
             <th>Timestamp</th> 
             <th>Details</th> 
            </tr> 
           </thead> 
           <tbody> 
            <tr class="log" status="debug"> 
             <td class="status debug" title="debug" alt="debug"><i class="material-icons">low_priority</i></td> 
             <td class="timestamp">11:00:25 AM</td> 
             <td class="step-details">投保人信息：手机号：15507137522 身份证号：230822199212109303</td> 
            </tr> 
            <tr class="log" status="debug"> 
             <td class="status debug" title="debug" alt="debug"><i class="material-icons">low_priority</i></td> 
             <td class="timestamp">11:00:25 AM</td> 
             <td class="step-details">http://test.bxm.ncfimg.com/#/pay_accident?btoken=ed5bdf60b9f22636ab3119d23de26367&amp;__a=</td> 
            </tr> 
            <tr class="log" status="pass"> 
             <td class="status pass" title="pass" alt="pass"><i class="material-icons">check_circle</i></td> 
             <td class="timestamp">11:00:25 AM</td> 
             <td class="step-details">Test passed</td> 
            </tr> 
           </tbody> 
          </table> 
         </div> 
        </div> </li> 
       <li class="test displayed active  pass" status="pass" bdd="false" test-id="15"> 
        <div class="test-heading"> 
         <span class="test-name">zhonghui_003</span> 
         <span class="test-time">Mar 16, 2020 10:58:20 AM</span> 
         <span class="test-status right pass">pass</span> 
        </div> 
        <div class="test-content hide"> 
         <div class="test-time-info"> 
          <span class="label start-time">Mar 16, 2020 10:58:20 AM</span> 
          <span class="label end-time">Mar 16, 2020 10:58:37 AM</span> 
          <span class="label time-taken grey lighten-1 white-text">0h 0m 17s+124ms</span> 
         </div> 
         <div class="test-steps"> 
          <table class="bordered table-results"> 
           <thead> 
            <tr> 
             <th>Status</th> 
             <th>Timestamp</th> 
             <th>Details</th> 
            </tr> 
           </thead> 
           <tbody> 
            <tr class="log" status="debug"> 
             <td class="status debug" title="debug" alt="debug"><i class="material-icons">low_priority</i></td> 
             <td class="timestamp">11:00:25 AM</td> 
             <td class="step-details">投保人信息：手机号：15008687840 身份证号：431129199212100207</td> 
            </tr> 
            <tr class="log" status="debug"> 
             <td class="status debug" title="debug" alt="debug"><i class="material-icons">low_priority</i></td> 
             <td class="timestamp">11:00:25 AM</td> 
             <td class="step-details">http://test.bxm.ncfimg.com/#/pay_accident?btoken=f9d176983755c9e1f88a191388f4f545&amp;__a=</td> 
            </tr> 
            <tr class="log" status="pass"> 
             <td class="status pass" title="pass" alt="pass"><i class="material-icons">check_circle</i></td> 
             <td class="timestamp">11:00:25 AM</td> 
             <td class="step-details">Test passed</td> 
            </tr> 
           </tbody> 
          </table> 
         </div> 
        </div> </li> 
       <li class="test displayed active  pass" status="pass" bdd="false" test-id="16"> 
        <div class="test-heading"> 
         <span class="test-name">jingling</span> 
         <span class="test-time">Mar 16, 2020 10:58:52 AM</span> 
         <span class="test-status right pass">pass</span> 
        </div> 
        <div class="test-content hide"> 
         <div class="test-time-info"> 
          <span class="label start-time">Mar 16, 2020 10:58:52 AM</span> 
          <span class="label end-time">Mar 16, 2020 10:59:07 AM</span> 
          <span class="label time-taken grey lighten-1 white-text">0h 0m 14s+652ms</span> 
         </div> 
         <div class="test-steps"> 
          <table class="bordered table-results"> 
           <thead> 
            <tr> 
             <th>Status</th> 
             <th>Timestamp</th> 
             <th>Details</th> 
            </tr> 
           </thead> 
           <tbody> 
            <tr class="log" status="debug"> 
             <td class="status debug" title="debug" alt="debug"><i class="material-icons">low_priority</i></td> 
             <td class="timestamp">11:00:25 AM</td> 
             <td class="step-details">投保人信息：手机号：15500138339 身份证号：520111199312105010</td> 
            </tr> 
            <tr class="log" status="debug"> 
             <td class="status debug" title="debug" alt="debug"><i class="material-icons">low_priority</i></td> 
             <td class="timestamp">11:00:25 AM</td> 
             <td class="step-details">http://test.bxm.ncfimg.com/#/pay_accident?btoken=72ad79080ce5c89809965ae40f0f735c&amp;__a=</td> 
            </tr> 
            <tr class="log" status="pass"> 
             <td class="status pass" title="pass" alt="pass"><i class="material-icons">check_circle</i></td> 
             <td class="timestamp">11:00:25 AM</td> 
             <td class="step-details">Test passed</td> 
            </tr> 
           </tbody> 
          </table> 
         </div> 
        </div> </li> 
       <li class="test displayed active  pass" status="pass" bdd="false" test-id="17"> 
        <div class="test-heading"> 
         <span class="test-name">taikang2019_001</span> 
         <span class="test-time">Mar 16, 2020 11:00:06 AM</span> 
         <span class="test-status right pass">pass</span> 
        </div> 
        <div class="test-content hide"> 
         <div class="test-time-info"> 
          <span class="label start-time">Mar 16, 2020 11:00:06 AM</span> 
          <span class="label end-time">Mar 16, 2020 11:00:18 AM</span> 
          <span class="label time-taken grey lighten-1 white-text">0h 0m 12s+554ms</span> 
         </div> 
         <div class="test-steps"> 
          <table class="bordered table-results"> 
           <thead> 
            <tr> 
             <th>Status</th> 
             <th>Timestamp</th> 
             <th>Details</th> 
            </tr> 
           </thead> 
           <tbody> 
            <tr class="log" status="debug"> 
             <td class="status debug" title="debug" alt="debug"><i class="material-icons">low_priority</i></td> 
             <td class="timestamp">11:00:25 AM</td> 
             <td class="step-details">投保人信息：手机号：15106498078 身份证号：410782199311112318</td> 
            </tr> 
            <tr class="log" status="debug"> 
             <td class="status debug" title="debug" alt="debug"><i class="material-icons">low_priority</i></td> 
             <td class="timestamp">11:00:25 AM</td> 
             <td class="step-details">http://test.bxm.ncfimg.com/#/pay_accident?btoken=65ff478e820d52e9d3a64159d44cfa5b&amp;__a=</td> 
            </tr> 
            <tr class="log" status="pass"> 
             <td class="status pass" title="pass" alt="pass"><i class="material-icons">check_circle</i></td> 
             <td class="timestamp">11:00:25 AM</td> 
             <td class="step-details">Test passed</td> 
            </tr> 
           </tbody> 
          </table> 
         </div> 
        </div> </li> 
      </ul> 
     </div> 
    </div> 
    <!-- subview left --> 
    <div class="subview-right left"> 
     <div class="view-summary"> 
      <h5 class="test-name"></h5> 
      <div id="step-filters" class="right"> 
       <span class="blue-text" status="info" alt="info" title="info"><i class="material-icons">info_outline</i></span> 
       <span class="green-text" status="pass" alt="pass" title="pass"><i class="material-icons">check_circle</i></span> 
       <span class="red-text" status="fail" alt="fail" title="fail"><i class="material-icons">cancel</i></span> 
       <span class="red-text text-darken-4" status="fatal" alt="fatal" title="fatal"><i class="material-icons">cancel</i></span> 
       <span class="pink-text text-lighten-1" status="error" alt="error" title="error"><i class="material-icons">error</i></span> 
       <span class="orange-text" alt="warning" status="warning" title="warning"><i class="material-icons">warning</i></span> 
       <span class="teal-text" status="skip" alt="skip" title="skip"><i class="material-icons">redo</i></span> 
       <span status="clear" alt="Clear filters" title="Clear filters"><i class="material-icons">clear</i></span> 
      </div> 
     </div> 
    </div> 
    <!-- subview right --> 
   </div> 
   <!-- test view -->
   <!-- category view -->
   <div id="exception-view" class="view hide"> 
    <section id="controls"> 
     <div class="controls grey lighten-4"> 
      <!-- search --> 
      <div class="chip transparent" alt="Search Tests" title="Search Tests"> 
       <a href="#" class="search-div"> <i class="material-icons">search</i> Search </a> 
       <div class="input-field left hide"> 
        <input id="search-tests" type="text" class="validate browser-default" placeholder="Search Tests..."> 
       </div> 
      </div> 
      <!-- search --> 
     </div> 
    </section> 
    <div class="subview-left left"> 
     <div class="view-summary"> 
      <h5>Exceptions</h5> 
      <ul id="exception-collection" class="exception-collection"> 
       <li class="exception displayed active"> 
        <div class="exception-heading"> 
         <span class="exception-name">org.openqa.selenium.WebDriverException</span> 
         <span class="exception-count right"><span class="label red lighten-1 white-text">1</span></span> 
        </div> 
        <div class="exception-content hide"> 
         <div class="exception-tests"> 
          <table class="bordered table-results"> 
           <thead> 
            <tr> 
             <th>Timestamp</th> 
             <th>TestName</th> 
             <th>Status</th> 
            </tr> 
           </thead> 
           <tbody> 
            <tr> 
             <td>Mar 16, 2020 11:00:19 AM</td> 
             <td class="linked" test-id="7">kaixinbaobei_001</td> 
             <td><pre><textarea>org.openqa.selenium.WebDriverException: unknown error: Element &lt;span class="b-amount"&gt;...&lt;/span&gt; is not clickable at point (318, 501). Other element would receive the click: &lt;div class="flex-center pt25 mr40 mb40"&gt;...&lt;/div&gt;
  (Session info: headless chrome=80.0.3987.132)
  (Driver info: chromedriver=70.0.3538.67 (9ab0cfab84ded083718d3a4ff830726efd38869f),platform=Mac OS X 10.14.6 x86_64) (WARNING: The server did not provide any stacktrace information)
Command duration or timeout: 0 milliseconds
Build info: version: '3.141.59', revision: 'e82be7d358', time: '2018-11-14T08:17:03'
System info: host: 'xuepingsundeMacBook-Pro.local', ip: 'fe80:0:0:0:c98:507b:278f:dbbb%en0', os.name: 'Mac OS X', os.arch: 'x86_64', os.version: '10.14.6', java.version: '1.8.0_191'
Driver info: org.openqa.selenium.chrome.ChromeDriver
Capabilities {acceptInsecureCerts: false, acceptSslCerts: false, applicationCacheEnabled: false, browserConnectionEnabled: false, browserName: chrome, chrome: {chromedriverVersion: 70.0.3538.67 (9ab0cfab84ded..., userDataDir: /var/folders/gq/rj3hd6rn3tn...}, cssSelectorsEnabled: true, databaseEnabled: false, goog:chromeOptions: {debuggerAddress: localhost:60972}, handlesAlerts: true, hasTouchScreen: false, javascriptEnabled: true, locationContextEnabled: true, mobileEmulationEnabled: false, nativeEvents: true, networkConnectionEnabled: false, pageLoadStrategy: normal, platform: MAC, platformName: MAC, rotatable: false, setWindowRect: true, takesHeapSnapshot: true, takesScreenshot: true, unexpectedAlertBehaviour: , unhandledPromptBehavior: , version: 80.0.3987.132, webStorageEnabled: true}
Session ID: fe6a0bd2c85246caf9a0b16e7d1c5ce6
	at sun.reflect.NativeConstructorAccessorImpl.newInstance0(Native Method)
	at sun.reflect.NativeConstructorAccessorImpl.newInstance(NativeConstructorAccessorImpl.java:62)
	at sun.reflect.DelegatingConstructorAccessorImpl.newInstance(DelegatingConstructorAccessorImpl.java:45)
	at java.lang.reflect.Constructor.newInstance(Constructor.java:423)
	at org.openqa.selenium.remote.ErrorHandler.createThrowable(ErrorHandler.java:214)
	at org.openqa.selenium.remote.ErrorHandler.throwIfResponseFailed(ErrorHandler.java:166)
	at org.openqa.selenium.remote.http.JsonHttpResponseCodec.reconstructValue(JsonHttpResponseCodec.java:40)
	at org.openqa.selenium.remote.http.AbstractHttpResponseCodec.decode(AbstractHttpResponseCodec.java:80)
	at org.openqa.selenium.remote.http.AbstractHttpResponseCodec.decode(AbstractHttpResponseCodec.java:44)
	at org.openqa.selenium.remote.HttpCommandExecutor.execute(HttpCommandExecutor.java:158)
	at org.openqa.selenium.remote.service.DriverCommandExecutor.execute(DriverCommandExecutor.java:83)
	at org.openqa.selenium.remote.RemoteWebDriver.execute(RemoteWebDriver.java:552)
	at org.openqa.selenium.remote.RemoteWebElement.execute(RemoteWebElement.java:285)
	at org.openqa.selenium.remote.RemoteWebElement.click(RemoteWebElement.java:84)
	at sun.baoxian.base.WebElementBase.click(WebElementBase.java:122)
	at sun.baoxian.actions.kaixinbaobeiAction.kaixinbaobei(kaixinbaobeiAction.java:26)
	at sun.baoxian.kaixinbaobeiTest.kaixinbaobei_001(kaixinbaobeiTest.java:11)
	at sun.reflect.NativeMethodAccessorImpl.invoke0(Native Method)
	at sun.reflect.NativeMethodAccessorImpl.invoke(NativeMethodAccessorImpl.java:62)
	at sun.reflect.DelegatingMethodAccessorImpl.invoke(DelegatingMethodAccessorImpl.java:43)
	at java.lang.reflect.Method.invoke(Method.java:498)
	at org.testng.internal.MethodInvocationHelper.invokeMethod(MethodInvocationHelper.java:124)
	at org.testng.internal.Invoker.invokeMethod(Invoker.java:580)
	at org.testng.internal.Invoker.invokeTestMethod(Invoker.java:716)
	at org.testng.internal.Invoker.invokeTestMethods(Invoker.java:988)
	at org.testng.internal.TestMethodWorker.invokeTestMethods(TestMethodWorker.java:125)
	at org.testng.internal.TestMethodWorker.run(TestMethodWorker.java:109)
	at org.testng.TestRunner.privateRun(TestRunner.java:648)
	at org.testng.TestRunner.run(TestRunner.java:505)
	at org.testng.SuiteRunner.runTest(SuiteRunner.java:455)
	at org.testng.SuiteRunner.runSequentially(SuiteRunner.java:450)
	at org.testng.SuiteRunner.privateRun(SuiteRunner.java:415)
	at org.testng.SuiteRunner.run(SuiteRunner.java:364)
	at org.testng.SuiteRunnerWorker.runSuite(SuiteRunnerWorker.java:52)
	at org.testng.SuiteRunnerWorker.run(SuiteRunnerWorker.java:84)
	at org.testng.TestNG.runSuitesSequentially(TestNG.java:1208)
	at org.testng.TestNG.runSuitesLocally(TestNG.java:1137)
	at org.testng.TestNG.runSuites(TestNG.java:1049)
	at org.testng.TestNG.run(TestNG.java:1017)
	at org.apache.maven.surefire.testng.TestNGExecutor.run(TestNGExecutor.java:283)
	at org.apache.maven.surefire.testng.TestNGXmlTestSuite.execute(TestNGXmlTestSuite.java:75)
	at org.apache.maven.surefire.testng.TestNGProvider.invoke(TestNGProvider.java:120)
	at org.apache.maven.surefire.booter.ForkedBooter.invokeProviderInSameClassLoader(ForkedBooter.java:384)
	at org.apache.maven.surefire.booter.ForkedBooter.runSuitesInProcess(ForkedBooter.java:345)
	at org.apache.maven.surefire.booter.ForkedBooter.execute(ForkedBooter.java:126)
	at org.apache.maven.surefire.booter.ForkedBooter.main(ForkedBooter.java:418)
</textarea></pre></td> 
            </tr> 
           </tbody> 
          </table> 
         </div> 
        </div> </li> 
      </ul> 
     </div> 
    </div> 
    <div class="subview-right left"> 
     <div class="view-summary"> 
      <h5 class="exception-name"></h5> 
     </div> 
    </div> 
   </div> 
   <!-- exception view -->
   <div id="dashboard-view" class="view hide"> 
    <div class="card-panel transparent np-v"> 
     <h5>Dashboard</h5> 
     <div class="row"> 
      <div class="col s2"> 
       <div class="card-panel r">
         Tests 
        <div class="panel-lead">
         17
        </div> 
       </div> 
      </div> 
      <div class="col s2"> 
       <div class="card-panel r">
         Steps 
        <div class="panel-lead">
         17
        </div> 
       </div> 
      </div> 
      <div class="col s2"> 
       <div class="card-panel r">
         Start 
        <div class="panel-lead">
         Mar 16, 2020 10:55:47 AM
        </div> 
       </div> 
      </div> 
      <div class="col s2"> 
       <div class="card-panel r">
         End 
        <div class="panel-lead">
         Mar 16, 2020 11:00:25 AM
        </div> 
       </div> 
      </div> 
      <div class="col s2"> 
       <div class="card-panel r">
         Time Taken 
        <div class="panel-lead">
         278,774ms
        </div> 
       </div> 
      </div> 
     </div> 
    </div> 
   </div> 
   <!-- dashboard view -->
   <!-- testrunner-logs view --> 
  </div> 
  <!-- container --> 
  <script>
			var statusGroup = {
				passParent: 10,
				failParent: 7,
				fatalParent: 0,
				errorParent: 0,
				warningParent: 0,
				skipParent: 0,
				exceptionsParent: 7,
				
				passChild: 10,
				failChild: 7,
				fatalChild: 0,
				errorChild: 0,
				warningChild: 0,
				skipChild: 0,
				infoChild: 0,
				exceptionsChild: 29,
				
				passGrandChild: 0,
				failGrandChild: 0,
				fatalGrandChild: 0,
				errorGrandChild: 0,
				warningGrandChild: 0,
				skipGrandChild: 0,
				infoGrandChild: 0,
				exceptionsGrandChild: 0,
			};
		</script> 
  <script src="extent.js" type="text/javascript"></script>   
 </body>
</html>