<?xml version="1.0" encoding="utf-8" ?>
<!DOCTYPE html PUBLIC "-//W3C//DTD XHTML 1.0 Strict//EN"
        "http://www.w3.org/TR/xhtml1/DTD/xhtml1-strict.dtd">
<html xmlns="http://www.w3.org/1999/xhtml" xml:lang="" lang="">
<head>
  <title>Test Results Report - 短险自动化测试</title>
  <meta http-equiv="Content-Type" content="text/html;charset=utf-8" />
  <meta name="description" content="TestNG unit test results." />
  <link href="reportng.css" rel="stylesheet" type="text/css" />
    <script type="text/javascript" src="reportng.js"></script>
</head>
<body>
<h1>短险自动化测试</h1>
<p>
  Test duration: 791.959s
</p>



  <table class="resultsTable">
    <tr><th colspan="3" class="header failed">Failed Tests</th></tr>
          <tr>
        <td colspan="3" class="group">sun.baoxian.kaixinbaobeiTest</td>
      </tr>
            
<tr>
  <td class="method">
                  kaixinbaobei_001
      </td>
  <td class="duration">
    154.551s
  </td>
  <td class="result">
        
    
        

        <a href="javascript:toggleElement('exception-0', 'block')" title="Click to expand/collapse"><b>org.openqa.selenium.WebDriverException: unknown error: Element &lt;span class=&quot;tab-radius-gray&quot;&gt;...&lt;/span&gt; is not clickable at point (316, 181). Other element would receive the click: &lt;div class=&quot;am-picker-popup-wrap &quot; role=&quot;dialog&quot;&gt;...&lt;/div&gt;<br/>
&nbsp; (Session info: chrome=80.0.3987.132)<br/>
&nbsp; (Driver info: chromedriver=70.0.3538.67 (9ab0cfab84ded083718d3a4ff830726efd38869f),platform=Mac OS X 10.14.6 x86_64) (WARNING: The server did not provide any stacktrace information)<br/>
Command duration or timeout: 0 milliseconds<br/>
Build info: version: &apos;3.141.59&apos;, revision: &apos;e82be7d358&apos;, time: &apos;2018-11-14T08:17:03&apos;<br/>
System info: host: &apos;xuepingsundeMacBook-Pro.local&apos;, ip: &apos;fe80:0:0:0:1048:74af:6fbb:ba62%en0&apos;, os.name: &apos;Mac OS X&apos;, os.arch: &apos;x86_64&apos;, os.version: &apos;10.14.6&apos;, java.version: &apos;1.8.0_191&apos;<br/>
Driver info: org.openqa.selenium.chrome.ChromeDriver<br/>
Capabilities {acceptInsecureCerts: false, acceptSslCerts: false, applicationCacheEnabled: false, browserConnectionEnabled: false, browserName: chrome, chrome: {chromedriverVersion: 70.0.3538.67 (9ab0cfab84ded..., userDataDir: /var/folders/gq/rj3hd6rn3tn...}, cssSelectorsEnabled: true, databaseEnabled: false, goog:chromeOptions: {debuggerAddress: localhost:51835}, handlesAlerts: true, hasTouchScreen: false, javascriptEnabled: true, locationContextEnabled: true, mobileEmulationEnabled: false, nativeEvents: true, networkConnectionEnabled: false, pageLoadStrategy: normal, platform: MAC, platformName: MAC, rotatable: false, setWindowRect: true, takesHeapSnapshot: true, takesScreenshot: true, unexpectedAlertBehaviour: , unhandledPromptBehavior: , version: 80.0.3987.132, webStorageEnabled: true}<br/>
Session ID: d8ec5b0d768d533731ff0c4c66802053</b></a><br />
    <div class="stackTrace" id="exception-0">
              sun.reflect.NativeConstructorAccessorImpl.newInstance0(Native Method)<br />
              sun.reflect.NativeConstructorAccessorImpl.newInstance(NativeConstructorAccessorImpl.java:62)<br />
              sun.reflect.DelegatingConstructorAccessorImpl.newInstance(DelegatingConstructorAccessorImpl.java:45)<br />
              java.lang.reflect.Constructor.newInstance(Constructor.java:423)<br />
              org.openqa.selenium.remote.ErrorHandler.createThrowable(ErrorHandler.java:214)<br />
              org.openqa.selenium.remote.ErrorHandler.throwIfResponseFailed(ErrorHandler.java:166)<br />
              org.openqa.selenium.remote.http.JsonHttpResponseCodec.reconstructValue(JsonHttpResponseCodec.java:40)<br />
              org.openqa.selenium.remote.http.AbstractHttpResponseCodec.decode(AbstractHttpResponseCodec.java:80)<br />
              org.openqa.selenium.remote.http.AbstractHttpResponseCodec.decode(AbstractHttpResponseCodec.java:44)<br />
              org.openqa.selenium.remote.HttpCommandExecutor.execute(HttpCommandExecutor.java:158)<br />
              org.openqa.selenium.remote.service.DriverCommandExecutor.execute(DriverCommandExecutor.java:83)<br />
              org.openqa.selenium.remote.RemoteWebDriver.execute(RemoteWebDriver.java:552)<br />
              org.openqa.selenium.remote.RemoteWebElement.execute(RemoteWebElement.java:285)<br />
              org.openqa.selenium.remote.RemoteWebElement.click(RemoteWebElement.java:84)<br />
              sun.baoxian.base.WebElementBase.click(WebElementBase.java:122)<br />
              sun.baoxian.actions.kaixinbaobeiAction.kaixinbaobei(kaixinbaobeiAction.java:51)<br />
              sun.baoxian.kaixinbaobeiTest.kaixinbaobei_001(kaixinbaobeiTest.java:11)<br />
              sun.reflect.NativeMethodAccessorImpl.invoke0(Native Method)<br />
              sun.reflect.NativeMethodAccessorImpl.invoke(NativeMethodAccessorImpl.java:62)<br />
              sun.reflect.DelegatingMethodAccessorImpl.invoke(DelegatingMethodAccessorImpl.java:43)<br />
              java.lang.reflect.Method.invoke(Method.java:498)<br />
              org.testng.internal.MethodInvocationHelper.invokeMethod(MethodInvocationHelper.java:124)<br />
              org.testng.internal.Invoker.invokeMethod(Invoker.java:580)<br />
              org.testng.internal.Invoker.invokeTestMethod(Invoker.java:716)<br />
              org.testng.internal.Invoker.invokeTestMethods(Invoker.java:988)<br />
              org.testng.internal.TestMethodWorker.invokeTestMethods(TestMethodWorker.java:125)<br />
              org.testng.internal.TestMethodWorker.run(TestMethodWorker.java:109)<br />
              org.testng.TestRunner.privateRun(TestRunner.java:648)<br />
              org.testng.TestRunner.run(TestRunner.java:505)<br />
              org.testng.SuiteRunner.runTest(SuiteRunner.java:455)<br />
              org.testng.SuiteRunner.runSequentially(SuiteRunner.java:450)<br />
              org.testng.SuiteRunner.privateRun(SuiteRunner.java:415)<br />
              org.testng.SuiteRunner.run(SuiteRunner.java:364)<br />
              org.testng.SuiteRunnerWorker.runSuite(SuiteRunnerWorker.java:52)<br />
              org.testng.SuiteRunnerWorker.run(SuiteRunnerWorker.java:84)<br />
              org.testng.TestNG.runSuitesSequentially(TestNG.java:1208)<br />
              org.testng.TestNG.runSuitesLocally(TestNG.java:1137)<br />
              org.testng.TestNG.runSuites(TestNG.java:1049)<br />
              org.testng.TestNG.run(TestNG.java:1017)<br />
              org.testng.IDEARemoteTestNG.run(IDEARemoteTestNG.java:73)<br />
              org.testng.RemoteTestNGStarter.main(RemoteTestNGStarter.java:123)<br />
                </div>
      </td>
</tr>
          <tr>
        <td colspan="3" class="group">sun.baoxian.mamibaobeiTest</td>
      </tr>
            
<tr>
  <td class="method">
                  mamibaobei
      </td>
  <td class="duration">
    45.174s
  </td>
  <td class="result">
        
    
            <div class="testOutput">
                        <a href=snapshot/2020-03-17 010450647.jpg target=_blank><img src=snapshot//2020-03-17 010450647.jpg style=width:30px;height:30px img/>失败截图</a>
                  </div>
    

        <a href="javascript:toggleElement('exception-1', 'block')" title="Click to expand/collapse"><b>java.lang.NullPointerException</b></a><br />
    <div class="stackTrace" id="exception-1">
              org.openqa.selenium.support.ui.ExpectedConditions.elementIfVisible(ExpectedConditions.java:314)<br />
              org.openqa.selenium.support.ui.ExpectedConditions.access$000(ExpectedConditions.java:43)<br />
              org.openqa.selenium.support.ui.ExpectedConditions$10.apply(ExpectedConditions.java:300)<br />
              org.openqa.selenium.support.ui.ExpectedConditions$10.apply(ExpectedConditions.java:297)<br />
              org.openqa.selenium.support.ui.FluentWait.until(FluentWait.java:249)<br />
              sun.baoxian.base.WebElementBase.DisplayElement(WebElementBase.java:540)<br />
              sun.baoxian.actions.mamibaobeiAction.mamibaobei_test(mamibaobeiAction.java:102)<br />
              sun.baoxian.mamibaobeiTest.mamibaobei(mamibaobeiTest.java:12)<br />
              sun.reflect.NativeMethodAccessorImpl.invoke0(Native Method)<br />
              sun.reflect.NativeMethodAccessorImpl.invoke(NativeMethodAccessorImpl.java:62)<br />
              sun.reflect.DelegatingMethodAccessorImpl.invoke(DelegatingMethodAccessorImpl.java:43)<br />
              java.lang.reflect.Method.invoke(Method.java:498)<br />
              org.testng.internal.MethodInvocationHelper.invokeMethod(MethodInvocationHelper.java:124)<br />
              org.testng.internal.Invoker.invokeMethod(Invoker.java:580)<br />
              org.testng.internal.Invoker.invokeTestMethod(Invoker.java:716)<br />
              org.testng.internal.Invoker.invokeTestMethods(Invoker.java:988)<br />
              org.testng.internal.TestMethodWorker.invokeTestMethods(TestMethodWorker.java:125)<br />
              org.testng.internal.TestMethodWorker.run(TestMethodWorker.java:109)<br />
              org.testng.TestRunner.privateRun(TestRunner.java:648)<br />
              org.testng.TestRunner.run(TestRunner.java:505)<br />
              org.testng.SuiteRunner.runTest(SuiteRunner.java:455)<br />
              org.testng.SuiteRunner.runSequentially(SuiteRunner.java:450)<br />
              org.testng.SuiteRunner.privateRun(SuiteRunner.java:415)<br />
              org.testng.SuiteRunner.run(SuiteRunner.java:364)<br />
              org.testng.SuiteRunnerWorker.runSuite(SuiteRunnerWorker.java:52)<br />
              org.testng.SuiteRunnerWorker.run(SuiteRunnerWorker.java:84)<br />
              org.testng.TestNG.runSuitesSequentially(TestNG.java:1208)<br />
              org.testng.TestNG.runSuitesLocally(TestNG.java:1137)<br />
              org.testng.TestNG.runSuites(TestNG.java:1049)<br />
              org.testng.TestNG.run(TestNG.java:1017)<br />
              org.testng.IDEARemoteTestNG.run(IDEARemoteTestNG.java:73)<br />
              org.testng.RemoteTestNGStarter.main(RemoteTestNGStarter.java:123)<br />
                </div>
      </td>
</tr>
          <tr>
        <td colspan="3" class="group">sun.baoxian.shortInsuranceTest</td>
      </tr>
            
<tr>
  <td class="method">
                  yangguang_001
      </td>
  <td class="duration">
    6.328s
  </td>
  <td class="result">
        
    
        

        <a href="javascript:toggleElement('exception-2', 'block')" title="Click to expand/collapse"><b>org.openqa.selenium.WebDriverException: unknown error: Element &lt;div class=&quot;b-amount&quot;&gt;...&lt;/div&gt; is not clickable at point (388, 596). Other element would receive the click: &lt;div class=&quot;flex-start flex-direction-column ml40 fee-wrap&quot;&gt;...&lt;/div&gt;<br/>
&nbsp; (Session info: chrome=80.0.3987.132)<br/>
&nbsp; (Driver info: chromedriver=70.0.3538.67 (9ab0cfab84ded083718d3a4ff830726efd38869f),platform=Mac OS X 10.14.6 x86_64) (WARNING: The server did not provide any stacktrace information)<br/>
Command duration or timeout: 0 milliseconds<br/>
Build info: version: &apos;3.141.59&apos;, revision: &apos;e82be7d358&apos;, time: &apos;2018-11-14T08:17:03&apos;<br/>
System info: host: &apos;xuepingsundeMacBook-Pro.local&apos;, ip: &apos;fe80:0:0:0:1048:74af:6fbb:ba62%en0&apos;, os.name: &apos;Mac OS X&apos;, os.arch: &apos;x86_64&apos;, os.version: &apos;10.14.6&apos;, java.version: &apos;1.8.0_191&apos;<br/>
Driver info: org.openqa.selenium.chrome.ChromeDriver<br/>
Capabilities {acceptInsecureCerts: false, acceptSslCerts: false, applicationCacheEnabled: false, browserConnectionEnabled: false, browserName: chrome, chrome: {chromedriverVersion: 70.0.3538.67 (9ab0cfab84ded..., userDataDir: /var/folders/gq/rj3hd6rn3tn...}, cssSelectorsEnabled: true, databaseEnabled: false, goog:chromeOptions: {debuggerAddress: localhost:51378}, handlesAlerts: true, hasTouchScreen: false, javascriptEnabled: true, locationContextEnabled: true, mobileEmulationEnabled: false, nativeEvents: true, networkConnectionEnabled: false, pageLoadStrategy: normal, platform: MAC, platformName: MAC, rotatable: false, setWindowRect: true, takesHeapSnapshot: true, takesScreenshot: true, unexpectedAlertBehaviour: , unhandledPromptBehavior: , version: 80.0.3987.132, webStorageEnabled: true}<br/>
Session ID: 433fa0a38c56c41707cf7bf280bea1f5</b></a><br />
    <div class="stackTrace" id="exception-2">
              sun.reflect.NativeConstructorAccessorImpl.newInstance0(Native Method)<br />
              sun.reflect.NativeConstructorAccessorImpl.newInstance(NativeConstructorAccessorImpl.java:62)<br />
              sun.reflect.DelegatingConstructorAccessorImpl.newInstance(DelegatingConstructorAccessorImpl.java:45)<br />
              java.lang.reflect.Constructor.newInstance(Constructor.java:423)<br />
              org.openqa.selenium.remote.ErrorHandler.createThrowable(ErrorHandler.java:214)<br />
              org.openqa.selenium.remote.ErrorHandler.throwIfResponseFailed(ErrorHandler.java:166)<br />
              org.openqa.selenium.remote.http.JsonHttpResponseCodec.reconstructValue(JsonHttpResponseCodec.java:40)<br />
              org.openqa.selenium.remote.http.AbstractHttpResponseCodec.decode(AbstractHttpResponseCodec.java:80)<br />
              org.openqa.selenium.remote.http.AbstractHttpResponseCodec.decode(AbstractHttpResponseCodec.java:44)<br />
              org.openqa.selenium.remote.HttpCommandExecutor.execute(HttpCommandExecutor.java:158)<br />
              org.openqa.selenium.remote.service.DriverCommandExecutor.execute(DriverCommandExecutor.java:83)<br />
              org.openqa.selenium.remote.RemoteWebDriver.execute(RemoteWebDriver.java:552)<br />
              org.openqa.selenium.remote.RemoteWebElement.execute(RemoteWebElement.java:285)<br />
              org.openqa.selenium.remote.RemoteWebElement.click(RemoteWebElement.java:84)<br />
              sun.baoxian.base.WebElementBase.click(WebElementBase.java:122)<br />
              sun.baoxian.actions.shortInsurance19Action.YG_ZH_Plus(shortInsurance19Action.java:200)<br />
              sun.baoxian.shortInsuranceTest.yangguang_001(shortInsuranceTest.java:47)<br />
              sun.reflect.NativeMethodAccessorImpl.invoke0(Native Method)<br />
              sun.reflect.NativeMethodAccessorImpl.invoke(NativeMethodAccessorImpl.java:62)<br />
              sun.reflect.DelegatingMethodAccessorImpl.invoke(DelegatingMethodAccessorImpl.java:43)<br />
              java.lang.reflect.Method.invoke(Method.java:498)<br />
              org.testng.internal.MethodInvocationHelper.invokeMethod(MethodInvocationHelper.java:124)<br />
              org.testng.internal.Invoker.invokeMethod(Invoker.java:580)<br />
              org.testng.internal.Invoker.invokeTestMethod(Invoker.java:716)<br />
              org.testng.internal.Invoker.invokeTestMethods(Invoker.java:988)<br />
              org.testng.internal.TestMethodWorker.invokeTestMethods(TestMethodWorker.java:125)<br />
              org.testng.internal.TestMethodWorker.run(TestMethodWorker.java:109)<br />
              org.testng.TestRunner.privateRun(TestRunner.java:648)<br />
              org.testng.TestRunner.run(TestRunner.java:505)<br />
              org.testng.SuiteRunner.runTest(SuiteRunner.java:455)<br />
              org.testng.SuiteRunner.runSequentially(SuiteRunner.java:450)<br />
              org.testng.SuiteRunner.privateRun(SuiteRunner.java:415)<br />
              org.testng.SuiteRunner.run(SuiteRunner.java:364)<br />
              org.testng.SuiteRunnerWorker.runSuite(SuiteRunnerWorker.java:52)<br />
              org.testng.SuiteRunnerWorker.run(SuiteRunnerWorker.java:84)<br />
              org.testng.TestNG.runSuitesSequentially(TestNG.java:1208)<br />
              org.testng.TestNG.runSuitesLocally(TestNG.java:1137)<br />
              org.testng.TestNG.runSuites(TestNG.java:1049)<br />
              org.testng.TestNG.run(TestNG.java:1017)<br />
              org.testng.IDEARemoteTestNG.run(IDEARemoteTestNG.java:73)<br />
              org.testng.RemoteTestNGStarter.main(RemoteTestNGStarter.java:123)<br />
                </div>
      </td>
</tr>
      </table>


  <table class="resultsTable">
    <tr><th colspan="3" class="header passed">Passed Tests</th></tr>
          <tr>
        <td colspan="3" class="group">sun.baoxian.changqingbaoTest</td>
      </tr>
            
<tr>
  <td class="method">
                  changqingbao
      </td>
  <td class="duration">
    58.432s
  </td>
  <td class="result">
        
    
            <div class="testOutput">
                        投保人信息：手机号：13404530726      身份证号：652325199312103103
                                http://test.bxm.ncfimg.com/#/pay_accident?btoken=f7acc93f800c11cbfd8aa72f26f47cda&__a=
                  </div>
    

      </td>
</tr>
          <tr>
        <td colspan="3" class="group">sun.baoxian.fangaiTest</td>
      </tr>
            
<tr>
  <td class="method">
                  jiangxin_test
      </td>
  <td class="duration">
    21.923s
  </td>
  <td class="result">
        
    
            <div class="testOutput">
                        投保人信息：手机号：15308607225      身份证号：533102198811013413
                                http://test.bxm.ncfimg.com/#/pay_accident?btoken=2b7f975d0eb580485854ae2f817a7ddc&__a=
                  </div>
    

      </td>
</tr>
          <tr>
        <td colspan="3" class="group">sun.baoxian.jinglingbaoTest</td>
      </tr>
            
<tr>
  <td class="method">
                  jingling
      </td>
  <td class="duration">
    231.516s
  </td>
  <td class="result">
        
    
            <div class="testOutput">
                        投保人信息：手机号：15707592141      身份证号：140427199312106319
                                http://test.bxm.ncfimg.com/#/pay_accident?btoken=cd52fdbfe39d291caad0a076328ff85e&__a=
                  </div>
    

      </td>
</tr>
          <tr>
        <td colspan="3" class="group">sun.baoxian.shortInsuranceTest</td>
      </tr>
            
<tr>
  <td class="method">
                  taikang2020_PH_001
      </td>
  <td class="duration">
    43.040s
  </td>
  <td class="result">
        
    
            <div class="testOutput">
                        投保人信息：手机号：13805755918      身份证号：621126199212100203
                                http://test.bxm.ncfimg.com/#/pay_accident?btoken=25d6993a741aeb0feabe88d3a0d42973&__a=
                  </div>
    

      </td>
</tr>
<tr>
  <td class="method">
                  taikang2020_SC_001
      </td>
  <td class="duration">
    17.198s
  </td>
  <td class="result">
        
    
            <div class="testOutput">
                        投保人信息：手机号：15803423433      身份证号：410725199212104403
                                http://test.bxm.ncfimg.com/#/pay_accident?btoken=ebd412d8cbf8a8b4174b1c025fc34938&__a=
                  </div>
    

      </td>
</tr>
<tr>
  <td class="method">
                  taikang2020_SC_002
      </td>
  <td class="duration">
    16.864s
  </td>
  <td class="result">
        
    
        

      </td>
</tr>
<tr>
  <td class="method">
                  taikang2020_SC_003
      </td>
  <td class="duration">
    21.103s
  </td>
  <td class="result">
        
    
            <div class="testOutput">
                        投保人信息：手机号：13102534322      身份证号：411425199212103608
                                http://test.bxm.ncfimg.com/#/pay_accident?btoken=574c644fccdf877518e242b6df694098&__a=
                  </div>
    

      </td>
</tr>
<tr>
  <td class="method">
                  yangguang_002
      </td>
  <td class="duration">
    30.986s
  </td>
  <td class="result">
        
    
            <div class="testOutput">
                        投保人信息：手机号：13504193982      身份证号：110104199212109903
                                支付链接： http://test.bxm.ncfimg.com/#/pay_accident?btoken=784e71875616c302578e1249b651f595&__a=
                  </div>
    

      </td>
</tr>
<tr>
  <td class="method">
                  zhonghui_001
      </td>
  <td class="duration">
    17.399s
  </td>
  <td class="result">
        
    
            <div class="testOutput">
                        投保人信息：手机号：13600147589      身份证号：421222199212109606
                                http://test.bxm.ncfimg.com/#/pay_accident?btoken=3a00cd4c23068ae6bd146deff7c3b7c4&__a=
                  </div>
    

      </td>
</tr>
<tr>
  <td class="method">
                  zhonghui_002
      </td>
  <td class="duration">
    20.977s
  </td>
  <td class="result">
        
    
            <div class="testOutput">
                        投保人信息：手机号：15805139050      身份证号：652824199212100408
                                http://test.bxm.ncfimg.com/#/pay_accident?btoken=3185631887769176b8850d51e992c389&__a=
                  </div>
    

      </td>
</tr>
<tr>
  <td class="method">
                  zhonghui_003
      </td>
  <td class="duration">
    24.879s
  </td>
  <td class="result">
        
    
            <div class="testOutput">
                        投保人信息：手机号：13708771415      身份证号：320507199212108505
                                http://test.bxm.ncfimg.com/#/pay_accident?btoken=b3eca1f1929ca5bc935438c3b68a16db&__a=
                  </div>
    

      </td>
</tr>
          <tr>
        <td colspan="3" class="group">sun.baoxian.taikangActionTest</td>
      </tr>
            
<tr>
  <td class="method">
                  taikang2019_001
      </td>
  <td class="duration">
    18.869s
  </td>
  <td class="result">
        
    
            <div class="testOutput">
                        投保人信息：手机号：15707734863      身份证号：330282199311110219
                                http://test.bxm.ncfimg.com/#/pay_accident?btoken=5f8a61fb38aa78fa58c8034cf0a7764d&__a=
                  </div>
    

      </td>
</tr>
          <tr>
        <td colspan="3" class="group">sun.baoxian.yanguangTest</td>
      </tr>
            
<tr>
  <td class="method">
                  yangguang_BW_001
      </td>
  <td class="duration">
    15.563s
  </td>
  <td class="result">
        
    
            <div class="testOutput">
                        投保人信息：手机号：13600974987      身份证号：42100319811210140X
                                http://test.bxm.ncfimg.com/#/pay_accident?btoken=2ca8d98fc2724f8a73aeaec0fa42994a
                  </div>
    

      </td>
</tr>
<tr>
  <td class="method">
                  yanguang_ZH_001
      </td>
  <td class="duration">
    14.891s
  </td>
  <td class="result">
        
    
            <div class="testOutput">
                        投保人信息：手机号：13802168518      身份证号：350926199012109403
                                http://test.bxm.ncfimg.com/#/pay_accident?btoken=3af0f52f57f716e31cfa6edc885d2196
                  </div>
    

      </td>
</tr>
      </table>
  
</body>
</html>
